2025-04-28 12:38:08,835 - INFO - 成功获取 access_token
2025-04-28 12:38:10,193 - INFO - 图片 ../Periodicals_AI_Refined/JF/Volume 80 Issue 1\Bank Funding Risk, Reference Rates, and Credit Supply\images\9537fb8ceb2e4427919691a8bfdfe526.png 上传成功，media_id: nviH_gtArO5neo9gazxDzI0UBLWv3wjqSSyNiAvWfsMfxB91_aRwe7-nsjrSUCZV
2025-04-28 12:38:10,194 - INFO - 成功解析文章: Bank Funding Risk, Reference Rates, and Credit Supply
2025-04-28 12:38:11,950 - INFO - 图片 ../Periodicals_AI_Refined/JF/Volume 80 Issue 1\Carbon Returns across the Globe\images\232cfcfd2efb4865847add520049a712.jpg 上传成功，media_id: nviH_gtArO5neo9gazxDzF7ZFBdt7KmqSSME5Itla4vqIkOO_bwk25Orwsd1nmi8
2025-04-28 12:38:11,950 - INFO - 成功解析文章: Carbon Returns across the Globe
2025-04-28 12:38:13,239 - INFO - 图片 ../Periodicals_AI_Refined/JF/Volume 80 Issue 1\Decentralized Exchange The Uniswap Automated Market Maker\images\b71f10058777436e8f2017c0631d85f8.jpg 上传成功，media_id: nviH_gtArO5neo9gazxDzBb5EgWIV5hr3BLzuF1sn2paPvBvC6jq0Y406P39KOAJ
2025-04-28 12:38:13,239 - INFO - 成功解析文章: Decentralized Exchange: The Uniswap Automated Market Maker
2025-04-28 12:38:14,437 - INFO - 图片 ../Periodicals_AI_Refined/JF/Volume 80 Issue 1\Does Floor Trading Matter\images\7e53ca15e32f47d393f437b523c362a5.jpg 上传成功，media_id: nviH_gtArO5neo9gazxDzJxdoTkbMNgeh4or_nqHO1mflObLHcY3qKNDPLlajJYt
2025-04-28 12:38:14,437 - INFO - 成功解析文章: Does Floor Trading Matter?
2025-04-28 12:38:15,742 - INFO - 图片 ../Periodicals_AI_Refined/JF/Volume 80 Issue 1\Dynamic Competition in Negotiated Price Markets\images\1e1d78a69d9b42aea6212ad4e094cfc7.jpg 上传成功，media_id: nviH_gtArO5neo9gazxDzGKuMtgPFcsBa3Uu9AjWHz2V221W-HR83Grl6Fya-CtW
2025-04-28 12:38:15,742 - INFO - 成功解析文章: Dynamic Competition in Negotiated Price Markets
2025-04-28 12:38:17,023 - INFO - 图片 ../Periodicals_AI_Refined/JF/Volume 80 Issue 1\Equilibrium Data Mining and Data Abundance\images\d7ee4ffd17914ea4924d63557eb2e786.jpg 上传成功，media_id: nviH_gtArO5neo9gazxDzBDqrUqkP7aHyc1V7pI_HTuD8BugKWLyTf3ILOPPQMJ4
2025-04-28 12:38:17,024 - INFO - 成功解析文章: Equilibrium Data Mining and Data Abundance
2025-04-28 12:38:18,583 - INFO - 图片 ../Periodicals_AI_Refined/JF/Volume 80 Issue 1\Intermediary Leverage Shocks and Funding Conditions\images\b053e521061c404bafae091a92aca448.jpg 上传成功，media_id: nviH_gtArO5neo9gazxDzAxReuCx-bND71RhxBFFZhBTrJfe2r5gLdH_C1UB-K4q
2025-04-28 12:38:18,584 - INFO - 成功解析文章: Intermediary Leverage Shocks and Funding Conditions
2025-04-28 12:38:19,685 - INFO - 图片 ../Periodicals_AI_Refined/JF/Volume 80 Issue 1\Personal Communication in an Automated World Evidence from Loan Repayments\images\7e86fc7c5e974f79aaba0ab89c053665.jpg 上传成功，media_id: nviH_gtArO5neo9gazxDzPSXS-UkpEbAxv4oiIcp9iy9Nsy64OHMPstQZkgGyvbo
2025-04-28 12:38:19,685 - INFO - 成功解析文章: Personal Communication in an Automated World: Evidence from Loan Repayments
2025-04-28 12:38:20,944 - INFO - 图片 ../Periodicals_AI_Refined/JF/Volume 80 Issue 1\Private Equity and Financial Stability Evidence from Failed-Bank Resolution in the Crisis\images\1faefa8c8fd341a59af19a8ddbda0262.jpg 上传成功，media_id: nviH_gtArO5neo9gazxDzHMAXD2Hy0PuZWtKFdobRaWUOYia5mcfJVvFvMdoY1F4
2025-04-28 12:38:20,944 - INFO - 成功解析文章: Private Equity and Financial Stability: Evidence from Failed-Bank Resolution in the Crisis
2025-04-28 12:38:22,654 - INFO - 图片 ../Periodicals_AI_Refined/JF/Volume 80 Issue 1\Scope, Scale, and Concentration The 21st-Century Firm\images\0f02da7ecb104d35bb4e29f5bfd31ce3.jpg 上传成功，media_id: nviH_gtArO5neo9gazxDzFEgWgPsFplLmAeNv_sVXGT6eJ66BcgZoXTpVGVBplAh
2025-04-28 12:38:22,654 - INFO - 成功解析文章: Scope, Scale, and Concentration: The 21st-Century Firm
2025-04-28 12:38:23,934 - INFO - 图片 ../Periodicals_AI_Refined/JF/Volume 80 Issue 1\Sending Out an SMS Automatic Enrollment Experiments for Overdraft Alerts\images\da9cfe4551ab4be8ad1124338c1c3077.jpg 上传成功，media_id: nviH_gtArO5neo9gazxDzE4AfSxaijvczAJ2YdHocQIexGmOkBkKKnCgRzTn6SZT
2025-04-28 12:38:23,934 - INFO - 成功解析文章: Sending Out an SMS: Automatic Enrollment Experiments for Overdraft Alerts
2025-04-28 12:38:26,069 - INFO - 图片 ../Periodicals_AI_Refined/JF/Volume 80 Issue 1\Test Assets and Weak Factors\images\1081abc6497c4558965eb9fcd7da2d3e.jpg 上传成功，media_id: nviH_gtArO5neo9gazxDzCC0jN6vF2R6NtObPyG_HEIpWTkORLUSuMfELcB-b9Ib
2025-04-28 12:38:26,069 - INFO - 成功解析文章: Test Assets and Weak Factors
2025-04-28 12:38:27,649 - INFO - 图片 ../Periodicals_AI_Refined/JF/Volume 80 Issue 1\The Global Credit Spread Puzzle\images\f743f5acb1d44b26b8b5d1fabde6b9d4.jpg 上传成功，media_id: nviH_gtArO5neo9gazxDzPqSGAJY4G9WXeMajHPpc1VwEkl9hcGk-vKb_m0G53V4
2025-04-28 12:38:27,649 - INFO - 成功解析文章: The Global Credit Spread Puzzle
2025-04-28 12:38:27,649 - INFO - 开始生成草稿内容，期刊: JF，标题: 【JF 80-1】西财人的专属学术外挂！每天1 分钟，AI 帮你读完三大顶刊！
2025-04-28 12:38:27,649 - INFO - JF_Top.png media_id: nviH_gtArO5neo9gazxDzDOzQKxd5pwyWdVHMQESokdMKpKGErwyqYNwlbufNShj
2025-04-28 12:38:27,649 - INFO - JF.png media_id: nviH_gtArO5neo9gazxDzKrxWtHXb0qoSyY8-93M7NKbdT68OonyTWchylE4_Gki
2025-04-28 12:38:32,577 - ERROR - 获取素材 URL 失败 (media_id: nviH_gtArO5neo9gazxDzDOzQKxd5pwyWdVHMQESokdMKpKGErwyqYNwlbufNShj): Expecting value: line 1 column 1 (char 0)
2025-04-28 12:38:32,577 - WARNING - 无法获取 JF_Top.png 的 URL，media_id: nviH_gtArO5neo9gazxDzDOzQKxd5pwyWdVHMQESokdMKpKGErwyqYNwlbufNShj
2025-04-28 12:38:32,578 - WARNING - 未插入 JF_Top.png，因缺少有效 URL
2025-04-28 12:38:35,992 - INFO - 草稿创建成功，媒体ID: nviH_gtArO5neo9gazxDzA5pbbLmJUA_HaS4qc-FcSM69Gsqo3KSzywujO60aUBW
2025-04-28 13:10:12,457 - INFO - 成功获取 access_token
2025-04-28 13:10:13,836 - INFO - 图片 ../Periodicals_AI_Refined/JF/Volume 80 Issue 1\Bank Funding Risk, Reference Rates, and Credit Supply\images\123bd4cc433047e290949ffb749918af.png 上传成功，media_id: nviH_gtArO5neo9gazxDzKZ_n7uHUbYUUCMUnLMls5nR1hj60DPn3ZpBLLbHBY_4
2025-04-28 13:10:13,837 - INFO - 成功解析文章: Bank Funding Risk, Reference Rates, and Credit Supply
2025-04-28 13:10:15,170 - INFO - 图片 ../Periodicals_AI_Refined/JF/Volume 80 Issue 1\Carbon Returns across the Globe\images\52987ec8b61f4f2394b9ba49b2033e38.jpg 上传成功，media_id: nviH_gtArO5neo9gazxDzE01QA4BDJMMPJKF-0syNBFN7TNDABvnG97poNV-4QF0
2025-04-28 13:10:15,170 - INFO - 成功解析文章: Carbon Returns across the Globe
2025-04-28 13:10:16,542 - INFO - 图片 ../Periodicals_AI_Refined/JF/Volume 80 Issue 1\Decentralized Exchange The Uniswap Automated Market Maker\images\8a4e0f5196b242a5a1e66d45278f7f2a.jpg 上传成功，media_id: nviH_gtArO5neo9gazxDzPBaUmonVwIwi1_T_2jTVtgpBnbzMm7qs80G4YUmi5bM
2025-04-28 13:10:16,543 - INFO - 成功解析文章: Decentralized Exchange: The Uniswap Automated Market Maker
2025-04-28 13:10:17,643 - INFO - 图片 ../Periodicals_AI_Refined/JF/Volume 80 Issue 1\Does Floor Trading Matter\images\6f475b22bf9f4cae9d7d43dbb833bd4f.jpg 上传成功，media_id: nviH_gtArO5neo9gazxDzLbCHygGvjqGWqKb6CQowYpRwLqMJAc-ZB01SCz36lbV
2025-04-28 13:10:17,644 - INFO - 成功解析文章: Does Floor Trading Matter?
2025-04-28 13:10:18,882 - INFO - 图片 ../Periodicals_AI_Refined/JF/Volume 80 Issue 1\Dynamic Competition in Negotiated Price Markets\images\35950ea8298e4387b7a251caa1e18c36.jpg 上传成功，media_id: nviH_gtArO5neo9gazxDzJeZJWPP7CF3840_U1PhRsjOklO4OI7JtajmUqJbLCJN
2025-04-28 13:10:18,883 - INFO - 成功解析文章: Dynamic Competition in Negotiated Price Markets
2025-04-28 13:10:20,101 - INFO - 图片 ../Periodicals_AI_Refined/JF/Volume 80 Issue 1\Equilibrium Data Mining and Data Abundance\images\37a188a8efcc482ba03b9e06bbf686b7.jpg 上传成功，media_id: nviH_gtArO5neo9gazxDzLR9K6w--kU6LJjwFjDgyj4aEPYuJT307m2aAvaluL7C
2025-04-28 13:10:20,101 - INFO - 成功解析文章: Equilibrium Data Mining and Data Abundance
2025-04-28 13:10:21,729 - INFO - 图片 ../Periodicals_AI_Refined/JF/Volume 80 Issue 1\Intermediary Leverage Shocks and Funding Conditions\images\ed235ccf8e1149b5808342fbd053ccd3.jpg 上传成功，media_id: nviH_gtArO5neo9gazxDzK4TPlQo9HHdBOsZprrIbayp9_JryjCaso3aHD3SMIAT
2025-04-28 13:10:21,730 - INFO - 成功解析文章: Intermediary Leverage Shocks and Funding Conditions
2025-04-28 13:10:22,809 - INFO - 图片 ../Periodicals_AI_Refined/JF/Volume 80 Issue 1\Personal Communication in an Automated World Evidence from Loan Repayments\images\2a11a5eea90c43218ac1ae866c13e154.jpg 上传成功，media_id: nviH_gtArO5neo9gazxDzHOKwKa4_Le1VoNbQrEQEOwUBKrnf9FDt2itW1aLQXzX
2025-04-28 13:10:22,810 - INFO - 成功解析文章: Personal Communication in an Automated World: Evidence from Loan Repayments
2025-04-28 13:10:24,165 - INFO - 图片 ../Periodicals_AI_Refined/JF/Volume 80 Issue 1\Private Equity and Financial Stability Evidence from Failed-Bank Resolution in the Crisis\images\1fbe5fd8a5704040a0889ad711f56009.jpg 上传成功，media_id: nviH_gtArO5neo9gazxDzBO2uCum0gmPaR_RIPpZTclBpjQNgtT9fAU8c4Kq5wpZ
2025-04-28 13:10:24,166 - INFO - 成功解析文章: Private Equity and Financial Stability: Evidence from Failed-Bank Resolution in the Crisis
2025-04-28 13:10:25,718 - INFO - 图片 ../Periodicals_AI_Refined/JF/Volume 80 Issue 1\Scope, Scale, and Concentration The 21st-Century Firm\images\f9cc360c175a4b04842ebd0853c31723.jpg 上传成功，media_id: nviH_gtArO5neo9gazxDzHJvOHFffj1qjMnJPGDszZvDqalKR_yocGRFdtIISRUK
2025-04-28 13:10:25,718 - INFO - 成功解析文章: Scope, Scale, and Concentration: The 21st-Century Firm
2025-04-28 13:10:26,943 - INFO - 图片 ../Periodicals_AI_Refined/JF/Volume 80 Issue 1\Sending Out an SMS Automatic Enrollment Experiments for Overdraft Alerts\images\4a8feeb96bc846f7b458596801c820c9.jpg 上传成功，media_id: nviH_gtArO5neo9gazxDzPPQUjYqdJbKttqlWmcnZhTWnMRY4Ism9nXp39O6eaTR
2025-04-28 13:10:26,943 - INFO - 成功解析文章: Sending Out an SMS: Automatic Enrollment Experiments for Overdraft Alerts
2025-04-28 13:10:28,498 - INFO - 图片 ../Periodicals_AI_Refined/JF/Volume 80 Issue 1\Test Assets and Weak Factors\images\beccaedb8b5447c6a7404fca66a5fbfb.jpg 上传成功，media_id: nviH_gtArO5neo9gazxDzNefgL35egymhbVuHtiTReSzp2XEH-192aGP_e2BeyJ3
2025-04-28 13:10:28,499 - INFO - 成功解析文章: Test Assets and Weak Factors
2025-04-28 13:10:29,904 - INFO - 图片 ../Periodicals_AI_Refined/JF/Volume 80 Issue 1\The Global Credit Spread Puzzle\images\ced17804bea243f89e2ed31009ddab81.jpg 上传成功，media_id: nviH_gtArO5neo9gazxDzJ-Zh86X4Fq8BBIfj8FhpcCNiNgIJ7ctnLrqf3PKylaW
2025-04-28 13:10:29,905 - INFO - 成功解析文章: The Global Credit Spread Puzzle
2025-04-28 13:10:29,905 - INFO - 开始生成草稿内容，期刊: JF，标题: 【JF 80-1】西财人的专属学术外挂！每天1 分钟，AI 帮你读完三大顶刊！
2025-04-28 13:10:29,906 - INFO - JF_Top.png media_id: nviH_gtArO5neo9gazxDzDOzQKxd5pwyWdVHMQESokdMKpKGErwyqYNwlbufNShj
2025-04-28 13:10:29,906 - INFO - JF.png media_id: nviH_gtArO5neo9gazxDzKrxWtHXb0qoSyY8-93M7NKbdT68OonyTWchylE4_Gki
2025-04-28 13:10:31,114 - ERROR - 获取素材 URL 失败 (media_id: nviH_gtArO5neo9gazxDzDOzQKxd5pwyWdVHMQESokdMKpKGErwyqYNwlbufNShj): Expecting value: line 1 column 1 (char 0)
2025-04-28 13:10:31,115 - WARNING - 无法获取 JF_Top.png 的 URL，尝试重新上传
2025-04-28 13:10:32,756 - INFO - 图片 ../Material/JF_Top.png 上传成功，media_id: nviH_gtArO5neo9gazxDzESz3gYwxJO_63iQnpX3DdWhMbXrgUyqHnoPIw9HQtE-
2025-04-28 13:10:32,757 - INFO - 已重新上传 JF_Top.png，media_id: nviH_gtArO5neo9gazxDzESz3gYwxJO_63iQnpX3DdWhMbXrgUyqHnoPIw9HQtE-
2025-04-28 13:10:32,757 - INFO - 成功插入 JF_Top.png，URL: http://mmbiz.qpic.cn/mmbiz_png/y2LkHVa2pA5otiaDaJoSjMIWibD5jBLeBiaBJnsvu8I40PkT1ohHXmWlfGuHHQ76UR2MJfqHZQtN028vFAaSnoia0A/0?wx_fmt=png
2025-04-28 13:10:35,581 - INFO - 草稿创建成功，媒体ID: nviH_gtArO5neo9gazxDzN1Z1MuYIwI3Inu0YCY9qscLIDxdTl5POjcMB_A8wq0d
2025-04-28 13:18:10,433 - INFO - 成功获取 access_token
2025-04-28 13:18:11,818 - INFO - 图片 ../Periodicals_AI_Refined/JF/Volume 80 Issue 1\Bank Funding Risk, Reference Rates, and Credit Supply\images\0bf851dd3b474e74b6a65dadc2b356f8.png 上传成功，media_id: nviH_gtArO5neo9gazxDzDul2GoFwSpYdpB0TvDmJO_UtUlRwCWcldlYrw1fqN6p
2025-04-28 13:18:11,818 - INFO - 成功解析文章: Bank Funding Risk, Reference Rates, and Credit Supply
2025-04-28 13:18:13,120 - INFO - 图片 ../Periodicals_AI_Refined/JF/Volume 80 Issue 1\Carbon Returns across the Globe\images\48316d360da54018b120414bd40d3234.jpg 上传成功，media_id: nviH_gtArO5neo9gazxDzO6J82Hd8vtiDPpxCzU4_rW-ee0F8XHKwF-MoPhopTD_
2025-04-28 13:18:13,120 - INFO - 成功解析文章: Carbon Returns across the Globe
2025-04-28 13:18:14,398 - INFO - 图片 ../Periodicals_AI_Refined/JF/Volume 80 Issue 1\Decentralized Exchange The Uniswap Automated Market Maker\images\e2afda4204ec45bbaac55c125ff12b69.jpg 上传成功，media_id: nviH_gtArO5neo9gazxDzGOTmbZF0KB4udJDUyPZ5m_SRaQxJniv-q-QprlKgbVI
2025-04-28 13:18:14,398 - INFO - 成功解析文章: Decentralized Exchange: The Uniswap Automated Market Maker
2025-04-28 13:18:15,501 - INFO - 图片 ../Periodicals_AI_Refined/JF/Volume 80 Issue 1\Does Floor Trading Matter\images\903eebbc65d5483da30a7a2b55be353e.jpg 上传成功，media_id: nviH_gtArO5neo9gazxDzEtV6505DNUVfoNOJ8i7cOwoUQ_fOGl7VO51C5anlxUA
2025-04-28 13:18:15,502 - INFO - 成功解析文章: Does Floor Trading Matter?
2025-04-28 13:18:17,033 - INFO - 图片 ../Periodicals_AI_Refined/JF/Volume 80 Issue 1\Dynamic Competition in Negotiated Price Markets\images\4ac802c25fd64dceac8dfe8849c32c8e.jpg 上传成功，media_id: nviH_gtArO5neo9gazxDzD_NCnJV5uiri9KphXfWzerH1doH0aAkcxe_AR08W9ZC
2025-04-28 13:18:17,033 - INFO - 成功解析文章: Dynamic Competition in Negotiated Price Markets
2025-04-28 13:18:18,294 - INFO - 图片 ../Periodicals_AI_Refined/JF/Volume 80 Issue 1\Equilibrium Data Mining and Data Abundance\images\4ecceedfa3cf4611850f05c658bec0db.jpg 上传成功，media_id: nviH_gtArO5neo9gazxDzDnIR8Rh5hZjoe2cSWCzbZ0jTOytGbGyPBYiTlzZIi8p
2025-04-28 13:18:18,294 - INFO - 成功解析文章: Equilibrium Data Mining and Data Abundance
2025-04-28 13:18:20,165 - INFO - 图片 ../Periodicals_AI_Refined/JF/Volume 80 Issue 1\Intermediary Leverage Shocks and Funding Conditions\images\3a32722f3635456dbe1372f90bd829d2.jpg 上传成功，media_id: nviH_gtArO5neo9gazxDzE0mAcIR3wwCDTawGgzJtJzTgu2NYsf4mK4gtC-4D15F
2025-04-28 13:18:20,165 - INFO - 成功解析文章: Intermediary Leverage Shocks and Funding Conditions
2025-04-28 13:18:21,220 - INFO - 图片 ../Periodicals_AI_Refined/JF/Volume 80 Issue 1\Personal Communication in an Automated World Evidence from Loan Repayments\images\7b2f4f56f5ea4eaf98ff150f6633e339.jpg 上传成功，media_id: nviH_gtArO5neo9gazxDzISEjFnvR46EUHxBmWOi-GSJUc3U__aA2XH_PacRAmN9
2025-04-28 13:18:21,220 - INFO - 成功解析文章: Personal Communication in an Automated World: Evidence from Loan Repayments
2025-04-28 13:18:22,433 - INFO - 图片 ../Periodicals_AI_Refined/JF/Volume 80 Issue 1\Private Equity and Financial Stability Evidence from Failed-Bank Resolution in the Crisis\images\997fa0eb8f0b4f899c200d3e2387d042.jpg 上传成功，media_id: nviH_gtArO5neo9gazxDzNyGz6mf7HxPncHJsbn2qqzxjfFMfxDhKYhJR7SJT8mT
2025-04-28 13:18:22,433 - INFO - 成功解析文章: Private Equity and Financial Stability: Evidence from Failed-Bank Resolution in the Crisis
2025-04-28 13:18:23,980 - INFO - 图片 ../Periodicals_AI_Refined/JF/Volume 80 Issue 1\Scope, Scale, and Concentration The 21st-Century Firm\images\e47a7552231647f89f591aec4e04ec26.jpg 上传成功，media_id: nviH_gtArO5neo9gazxDzELVQCkEnyhLIQHuvj6vsstG2PAEir5HhyLTY8ZLOt1N
2025-04-28 13:18:23,980 - INFO - 成功解析文章: Scope, Scale, and Concentration: The 21st-Century Firm
2025-04-28 13:18:25,203 - INFO - 图片 ../Periodicals_AI_Refined/JF/Volume 80 Issue 1\Sending Out an SMS Automatic Enrollment Experiments for Overdraft Alerts\images\17f017a84f3647bb90bb189fbdf28dd2.jpg 上传成功，media_id: nviH_gtArO5neo9gazxDzAWKmRsmCXGVKUdoaGUpErbJwyASP-rnVTzKGkRktYbX
2025-04-28 13:18:25,203 - INFO - 成功解析文章: Sending Out an SMS: Automatic Enrollment Experiments for Overdraft Alerts
2025-04-28 13:18:26,710 - INFO - 图片 ../Periodicals_AI_Refined/JF/Volume 80 Issue 1\Test Assets and Weak Factors\images\842e6b9d1f384c51815ee8889324d845.jpg 上传成功，media_id: nviH_gtArO5neo9gazxDzNS8Nhr3ypOadYGfeWBYCJhhBLnnOf1OeVauFKrNHQER
2025-04-28 13:18:26,711 - INFO - 成功解析文章: Test Assets and Weak Factors
2025-04-28 13:18:28,246 - INFO - 图片 ../Periodicals_AI_Refined/JF/Volume 80 Issue 1\The Global Credit Spread Puzzle\images\a729f9e1d4fe410d998179104f339777.jpg 上传成功，media_id: nviH_gtArO5neo9gazxDzIokRFyzkgzeNl3kSWZoR_pcxxMRcoXLRqGhcxBXAzUL
2025-04-28 13:18:28,246 - INFO - 成功解析文章: The Global Credit Spread Puzzle
2025-04-28 13:18:28,246 - INFO - 开始生成草稿内容，期刊: JF，标题: 【JF 80-1】西财人的专属学术外挂！每天1 分钟，AI 帮你读完三大顶刊！
2025-04-28 13:18:28,247 - INFO - JF_Top.png media_id: nviH_gtArO5neo9gazxDzESz3gYwxJO_63iQnpX3DdWhMbXrgUyqHnoPIw9HQtE-
2025-04-28 13:18:28,247 - INFO - JF.png media_id: nviH_gtArO5neo9gazxDzKrxWtHXb0qoSyY8-93M7NKbdT68OonyTWchylE4_Gki
2025-04-28 13:18:29,349 - ERROR - 获取素材 URL 失败 (media_id: nviH_gtArO5neo9gazxDzESz3gYwxJO_63iQnpX3DdWhMbXrgUyqHnoPIw9HQtE-): Expecting value: line 1 column 1 (char 0)
2025-04-28 13:18:29,350 - WARNING - 无法获取 JF_Top.png 的 URL，尝试重新上传
2025-04-28 13:18:30,961 - INFO - 图片 ../Material/JF_Top.png 上传成功，media_id: nviH_gtArO5neo9gazxDzBWNEHg54TfAA57ivX_iMVn7Tt9Fmy0GYcaNREETICJO
2025-04-28 13:18:30,962 - INFO - 已重新上传 JF_Top.png，media_id: nviH_gtArO5neo9gazxDzBWNEHg54TfAA57ivX_iMVn7Tt9Fmy0GYcaNREETICJO
2025-04-28 13:18:30,962 - INFO - 成功插入 JF_Top.png，URL: http://mmbiz.qpic.cn/mmbiz_png/y2LkHVa2pA5otiaDaJoSjMIWibD5jBLeBiaBJnsvu8I40PkT1ohHXmWlfGuHHQ76UR2MJfqHZQtN028vFAaSnoia0A/0?wx_fmt=png
2025-04-28 13:18:34,141 - INFO - 草稿创建成功，媒体ID: nviH_gtArO5neo9gazxDzFzdoIaFbW-VTa9e6c8k8_TaYJmkRcsYVmjjByr6aD36
2025-04-29 13:07:58,026 - INFO - 成功获取 access_token
2025-04-29 13:07:59,159 - INFO - 图片 ../Periodicals_AI_Refined/JF/Volume 80 Issue 1\Bank Funding Risk, Reference Rates, and Credit Supply\images\db84dd5c8c8d4c1dae0f9b0cc4dd1788.png 上传成功，media_id: nviH_gtArO5neo9gazxDzLAx4sG6iHWwMW6kslwSbZsbuZFoR1wuD0DKoD-ee1Nu
2025-04-29 13:07:59,160 - INFO - 成功解析文章: Bank Funding Risk, Reference Rates, and Credit Supply
2025-04-29 13:08:00,307 - INFO - 图片 ../Periodicals_AI_Refined/JF/Volume 80 Issue 1\Carbon Returns across the Globe\images\7d849c84926a47d297130ce7e8370ffd.jpg 上传成功，media_id: nviH_gtArO5neo9gazxDzBAnps4eGGUX9EGYQ9FgRhKxO_d4bZI5vfQz7h3GoEmb
2025-04-29 13:08:00,307 - INFO - 成功解析文章: Carbon Returns across the Globe
2025-04-29 13:08:01,500 - INFO - 图片 ../Periodicals_AI_Refined/JF/Volume 80 Issue 1\Decentralized Exchange The Uniswap Automated Market Maker\images\29598a15e68d4949a9fe6bdd96d73518.jpg 上传成功，media_id: nviH_gtArO5neo9gazxDzOxAATMuXRO6qhHlW-Ly5esYu0mtMVy87BLRM4zGoM1I
2025-04-29 13:08:01,500 - INFO - 成功解析文章: Decentralized Exchange: The Uniswap Automated Market Maker
2025-04-29 13:08:02,498 - INFO - 图片 ../Periodicals_AI_Refined/JF/Volume 80 Issue 1\Does Floor Trading Matter\images\67c73c95c09d439a937a774b6bd37934.jpg 上传成功，media_id: nviH_gtArO5neo9gazxDzEFA8Vmd4X5Rz1vrqXdNFf_05HJa5O0qj-CQcH8m_XNk
2025-04-29 13:08:02,498 - INFO - 成功解析文章: Does Floor Trading Matter?
2025-04-29 13:08:03,633 - INFO - 图片 ../Periodicals_AI_Refined/JF/Volume 80 Issue 1\Dynamic Competition in Negotiated Price Markets\images\4fc7d3ed34dc488ab2230dea643bf32e.jpg 上传成功，media_id: nviH_gtArO5neo9gazxDzJz956FmaSFtEJu_JU-J6Dqp8F_tn5A26OxLy49HAGHy
2025-04-29 13:08:03,633 - INFO - 成功解析文章: Dynamic Competition in Negotiated Price Markets
2025-04-29 13:08:04,853 - INFO - 图片 ../Periodicals_AI_Refined/JF/Volume 80 Issue 1\Equilibrium Data Mining and Data Abundance\images\cb3d7586e41942ddbc51d6c53a103ae7.jpg 上传成功，media_id: nviH_gtArO5neo9gazxDzKF2isTm5oz98t5ga_zqXFY7ZA7QDCJkKhO1m8QY7hL_
2025-04-29 13:08:04,853 - INFO - 成功解析文章: Equilibrium Data Mining and Data Abundance
2025-04-29 13:08:06,264 - INFO - 图片 ../Periodicals_AI_Refined/JF/Volume 80 Issue 1\Intermediary Leverage Shocks and Funding Conditions\images\c92cffac06ea4454b53520ff6e557500.jpg 上传成功，media_id: nviH_gtArO5neo9gazxDzBvUux6pIFjwDZ9R5_wl7_TjJYsxIJb1WS3zf33s4VFa
2025-04-29 13:08:06,264 - INFO - 成功解析文章: Intermediary Leverage Shocks and Funding Conditions
2025-04-29 13:08:07,319 - INFO - 图片 ../Periodicals_AI_Refined/JF/Volume 80 Issue 1\Personal Communication in an Automated World Evidence from Loan Repayments\images\70db6b55f08e42b588d65e2e03d9823e.jpg 上传成功，media_id: nviH_gtArO5neo9gazxDzNyyzCDqFCJBCSreJQoRyWyToihHOwWaJg-MhxTBxmYW
2025-04-29 13:08:07,320 - INFO - 成功解析文章: Personal Communication in an Automated World: Evidence from Loan Repayments
2025-04-29 13:08:08,436 - INFO - 图片 ../Periodicals_AI_Refined/JF/Volume 80 Issue 1\Private Equity and Financial Stability Evidence from Failed-Bank Resolution in the Crisis\images\0ed98b20b037463d9720a0aa9b7959a6.jpg 上传成功，media_id: nviH_gtArO5neo9gazxDzNCqyO7nj5q1Jr-sJuoluAAWmxLYMwhO-zCw-FOcGykI
2025-04-29 13:08:08,437 - INFO - 成功解析文章: Private Equity and Financial Stability: Evidence from Failed-Bank Resolution in the Crisis
2025-04-29 13:08:09,995 - INFO - 图片 ../Periodicals_AI_Refined/JF/Volume 80 Issue 1\Scope, Scale, and Concentration The 21st-Century Firm\images\e92d2a1381e24fc3b4661f193972669c.jpg 上传成功，media_id: nviH_gtArO5neo9gazxDzAd8HLivUypC3PXoYMiFFzGx9B_83CM8tGgnPuZ0i5m1
2025-04-29 13:08:09,995 - INFO - 成功解析文章: Scope, Scale, and Concentration: The 21st-Century Firm
2025-04-29 13:08:11,032 - INFO - 图片 ../Periodicals_AI_Refined/JF/Volume 80 Issue 1\Sending Out an SMS Automatic Enrollment Experiments for Overdraft Alerts\images\429fcc9a63f14969a89f543b74c0413a.jpg 上传成功，media_id: nviH_gtArO5neo9gazxDzC6fWtrvTPvvoK2CKarJYkQsd5TIV5UmlQS7qIlpkCOw
2025-04-29 13:08:11,033 - INFO - 成功解析文章: Sending Out an SMS: Automatic Enrollment Experiments for Overdraft Alerts
2025-04-29 13:08:12,381 - INFO - 图片 ../Periodicals_AI_Refined/JF/Volume 80 Issue 1\Test Assets and Weak Factors\images\08184566ead74f9289639406e5cdb426.jpg 上传成功，media_id: nviH_gtArO5neo9gazxDzAdMnS7Ksy3g0BMeKXA9tQIlAmpO_brIOrMPCBzzrPRC
2025-04-29 13:08:12,382 - INFO - 成功解析文章: Test Assets and Weak Factors
2025-04-29 13:08:13,603 - INFO - 图片 ../Periodicals_AI_Refined/JF/Volume 80 Issue 1\The Global Credit Spread Puzzle\images\73e8ab18ae27400e88ca01421de78150.jpg 上传成功，media_id: nviH_gtArO5neo9gazxDzMBeTmicfZH2frmVoshdwCo8Q5SSaL1t3DI9NLIVELPP
2025-04-29 13:08:13,604 - INFO - 成功解析文章: The Global Credit Spread Puzzle
2025-04-29 13:08:13,604 - INFO - 开始生成草稿内容，期刊: JF，标题: 【JF 80-1】西财人的专属学术外挂！每天1 分钟，AI 帮你读完三大顶刊！
2025-04-29 13:08:13,604 - INFO - JF_Top.png media_id: nviH_gtArO5neo9gazxDzBWNEHg54TfAA57ivX_iMVn7Tt9Fmy0GYcaNREETICJO
2025-04-29 13:08:13,604 - INFO - JF.png media_id: nviH_gtArO5neo9gazxDzKrxWtHXb0qoSyY8-93M7NKbdT68OonyTWchylE4_Gki
2025-04-29 13:08:14,514 - ERROR - 获取素材 URL 失败 (media_id: nviH_gtArO5neo9gazxDzBWNEHg54TfAA57ivX_iMVn7Tt9Fmy0GYcaNREETICJO): Expecting value: line 1 column 1 (char 0)
2025-04-29 13:08:14,515 - WARNING - 无法获取 JF_Top.png 的 URL，尝试重新上传
2025-04-29 13:08:15,930 - INFO - 图片 ../Material/JF_Top.png 上传成功，media_id: nviH_gtArO5neo9gazxDzEKHIdLtXHBoJAzD28F7SgY0i8Ry3M_PnIHfRFV29hjV
2025-04-29 13:08:15,931 - INFO - 已重新上传 JF_Top.png，media_id: nviH_gtArO5neo9gazxDzEKHIdLtXHBoJAzD28F7SgY0i8Ry3M_PnIHfRFV29hjV
2025-04-29 13:08:15,931 - INFO - 成功插入 JF_Top.png，URL: http://mmbiz.qpic.cn/mmbiz_png/y2LkHVa2pA4ic7R1hKr5pVwn1ia9aQ0875Z2YSyHZxYSuHElicwYb73S1Ww25AjiaTGAo3RpAuYBORd4eOThIyW0jA/0?wx_fmt=png
2025-04-29 13:08:18,896 - INFO - 草稿创建成功，媒体ID: nviH_gtArO5neo9gazxDzOkdhJjGrA8v5a31rc22KvVg0WKKMYk4Bd5bvdbWkQht
2025-04-29 13:10:26,517 - INFO - 成功获取 access_token
2025-04-29 13:10:27,552 - INFO - 图片 ../Periodicals_AI_Refined/JF/Volume 80 Issue 1\Bank Funding Risk, Reference Rates, and Credit Supply\images\1914273703744d1a9e6d23e5dcfbce31.png 上传成功，media_id: nviH_gtArO5neo9gazxDzPJZWyAKocw28qvvoqAb8x7Jni_c4tC2lyAcqlUwCzOu
2025-04-29 13:10:27,552 - INFO - 成功解析文章: Bank Funding Risk, Reference Rates, and Credit Supply
2025-04-29 13:10:28,643 - INFO - 图片 ../Periodicals_AI_Refined/JF/Volume 80 Issue 1\Carbon Returns across the Globe\images\f5a4f0bcb1ed4085b3c11999b3e57616.jpg 上传成功，media_id: nviH_gtArO5neo9gazxDzMTPBb09g-NVrb1MKTNY6lp8KqsGfWfTEFtSbIUHQBby
2025-04-29 13:10:28,643 - INFO - 成功解析文章: Carbon Returns across the Globe
2025-04-29 13:10:29,801 - INFO - 图片 ../Periodicals_AI_Refined/JF/Volume 80 Issue 1\Decentralized Exchange The Uniswap Automated Market Maker\images\0049d4313d43428bb233a671814c2a1e.jpg 上传成功，media_id: nviH_gtArO5neo9gazxDzMHxH1JoaevZ8sJj_ZXoyC7uygvm9MzvL0H4BEwxa2nT
2025-04-29 13:10:29,802 - INFO - 成功解析文章: Decentralized Exchange: The Uniswap Automated Market Maker
2025-04-29 13:10:30,690 - INFO - 图片 ../Periodicals_AI_Refined/JF/Volume 80 Issue 1\Does Floor Trading Matter\images\f8cfa9234e6341809fae2364d7b94711.jpg 上传成功，media_id: nviH_gtArO5neo9gazxDzKAbm3n-oPlCaxDy1jSdXUV1Z09fSY4tLrRuDBNsddte
2025-04-29 13:10:30,690 - INFO - 成功解析文章: Does Floor Trading Matter?
2025-04-29 13:10:31,801 - INFO - 图片 ../Periodicals_AI_Refined/JF/Volume 80 Issue 1\Dynamic Competition in Negotiated Price Markets\images\1061537012454014b066575950b26e00.jpg 上传成功，media_id: nviH_gtArO5neo9gazxDzBMTYx0APt5hpesMDNZBBstC_CvagJihWFPM1GVbbktw
2025-04-29 13:10:31,802 - INFO - 成功解析文章: Dynamic Competition in Negotiated Price Markets
2025-04-29 13:10:33,034 - INFO - 图片 ../Periodicals_AI_Refined/JF/Volume 80 Issue 1\Equilibrium Data Mining and Data Abundance\images\e73df834098142d6b201f5bc024c1764.jpg 上传成功，media_id: nviH_gtArO5neo9gazxDzDBstrgYxo8A0qbyZvy6Ld54koxFzARPtbNb88299qRH
2025-04-29 13:10:33,034 - INFO - 成功解析文章: Equilibrium Data Mining and Data Abundance
2025-04-29 13:10:34,463 - INFO - 图片 ../Periodicals_AI_Refined/JF/Volume 80 Issue 1\Intermediary Leverage Shocks and Funding Conditions\images\ec7f4d5597ee4d6491f7304a4a5aea56.jpg 上传成功，media_id: nviH_gtArO5neo9gazxDzFDO77fm5YUs_aTGult9EB-Na49PO0cwlKGfsEque9cF
2025-04-29 13:10:34,464 - INFO - 成功解析文章: Intermediary Leverage Shocks and Funding Conditions
2025-04-29 13:10:35,320 - INFO - 图片 ../Periodicals_AI_Refined/JF/Volume 80 Issue 1\Personal Communication in an Automated World Evidence from Loan Repayments\images\c1ac1f5a4928491ca84b902f974c87a0.jpg 上传成功，media_id: nviH_gtArO5neo9gazxDzHoBNX0UU6QXeGy3rfAFA7qM5mdNJhkzwVKnyM5H8Mjr
2025-04-29 13:10:35,320 - INFO - 成功解析文章: Personal Communication in an Automated World: Evidence from Loan Repayments
2025-04-29 13:10:36,366 - INFO - 图片 ../Periodicals_AI_Refined/JF/Volume 80 Issue 1\Private Equity and Financial Stability Evidence from Failed-Bank Resolution in the Crisis\images\a03ae6fb811f4c899caeb5eb4ca78647.jpg 上传成功，media_id: nviH_gtArO5neo9gazxDzJw-_jUx2Jvg5u5heWzPOIYi81e58kI_-NS2rYZ0zScg
2025-04-29 13:10:36,367 - INFO - 成功解析文章: Private Equity and Financial Stability: Evidence from Failed-Bank Resolution in the Crisis
2025-04-29 13:10:37,655 - INFO - 图片 ../Periodicals_AI_Refined/JF/Volume 80 Issue 1\Scope, Scale, and Concentration The 21st-Century Firm\images\f128795d5555438694ae9b73900ab76e.jpg 上传成功，media_id: nviH_gtArO5neo9gazxDzDXxKbN8JmkVcQ470ZOTNcBtcrDn3Fil7BKkwCpUUSs_
2025-04-29 13:10:37,655 - INFO - 成功解析文章: Scope, Scale, and Concentration: The 21st-Century Firm
2025-04-29 13:10:38,773 - INFO - 图片 ../Periodicals_AI_Refined/JF/Volume 80 Issue 1\Sending Out an SMS Automatic Enrollment Experiments for Overdraft Alerts\images\1be2d50cb6df4850935d05d1c4754df9.jpg 上传成功，media_id: nviH_gtArO5neo9gazxDzG9kRZgRQoETVNcRN1Kyv6yESW9S5T6vm6qGqibKvWKL
2025-04-29 13:10:38,774 - INFO - 成功解析文章: Sending Out an SMS: Automatic Enrollment Experiments for Overdraft Alerts
2025-04-29 13:10:40,096 - INFO - 图片 ../Periodicals_AI_Refined/JF/Volume 80 Issue 1\Test Assets and Weak Factors\images\2f770a5250054c9d9302a56755caa36f.jpg 上传成功，media_id: nviH_gtArO5neo9gazxDzHUxtFcHEYZiN-_4Mehp9-QkW1bqBN_O4rjdgkmzP6ya
2025-04-29 13:10:40,096 - INFO - 成功解析文章: Test Assets and Weak Factors
2025-04-29 13:10:41,322 - INFO - 图片 ../Periodicals_AI_Refined/JF/Volume 80 Issue 1\The Global Credit Spread Puzzle\images\042cfa7586e743bc894f1e0d2e32c3d4.jpg 上传成功，media_id: nviH_gtArO5neo9gazxDzBA8hwQ9dNLo95DXSyPg7QvcZHb-TK6i3YIQZt7TBna2
2025-04-29 13:10:41,323 - INFO - 成功解析文章: The Global Credit Spread Puzzle
2025-04-29 13:10:41,323 - INFO - 开始生成草稿内容，期刊: JF，标题: 【JF 80-1】西财人的专属学术外挂！每天1 分钟，AI 帮你读完三大顶刊！
2025-04-29 13:10:41,323 - INFO - JF_Top.png media_id: nviH_gtArO5neo9gazxDzEKHIdLtXHBoJAzD28F7SgY0i8Ry3M_PnIHfRFV29hjV
2025-04-29 13:10:41,323 - INFO - JF.png media_id: nviH_gtArO5neo9gazxDzKrxWtHXb0qoSyY8-93M7NKbdT68OonyTWchylE4_Gki
2025-04-29 13:10:42,160 - ERROR - 获取素材 URL 失败 (media_id: nviH_gtArO5neo9gazxDzEKHIdLtXHBoJAzD28F7SgY0i8Ry3M_PnIHfRFV29hjV): Expecting value: line 1 column 1 (char 0)
2025-04-29 13:10:42,161 - WARNING - 无法获取 JF_Top.png 的 URL，尝试重新上传
2025-04-29 13:10:42,161 - ERROR - 图片 .Material/JF_Top.png 不存在
2025-04-29 13:10:42,161 - WARNING - 未插入 JF_Top.png，因缺少有效 URL
2025-04-29 13:10:44,511 - INFO - 草稿创建成功，媒体ID: nviH_gtArO5neo9gazxDzHlSCMv4auJp4OqzNU9aXAM4jGWlUAyt6lBsN1OjnOk1
2025-04-29 13:11:32,554 - INFO - 成功获取 access_token
2025-04-29 13:11:33,732 - INFO - 图片 ../Periodicals_AI_Refined/JF/Volume 80 Issue 1\Bank Funding Risk, Reference Rates, and Credit Supply\images\47fc9c263123460791d1a9a44edffdb7.png 上传成功，media_id: nviH_gtArO5neo9gazxDzNzMaOERGbtjTTXDQ_bokFwK2aAiDPH6FXbp_pPVXQJ-
2025-04-29 13:11:33,733 - INFO - 成功解析文章: Bank Funding Risk, Reference Rates, and Credit Supply
2025-04-29 13:11:34,827 - INFO - 图片 ../Periodicals_AI_Refined/JF/Volume 80 Issue 1\Carbon Returns across the Globe\images\6993576a85b247eab6fd9242f5114d62.jpg 上传成功，media_id: nviH_gtArO5neo9gazxDzD4hUEM9mzmlbSldVQmZIMXnSfYrzI9Y3FRk167DRSX0
2025-04-29 13:11:34,827 - INFO - 成功解析文章: Carbon Returns across the Globe
2025-04-29 13:11:36,072 - INFO - 图片 ../Periodicals_AI_Refined/JF/Volume 80 Issue 1\Decentralized Exchange The Uniswap Automated Market Maker\images\556a0b5ddf3b49ff937e271837eeca65.jpg 上传成功，media_id: nviH_gtArO5neo9gazxDzMNqMvgRD2L8R3f9Mz6Ez_KJjAfVZpo-E0pBsurPcdRg
2025-04-29 13:11:36,072 - INFO - 成功解析文章: Decentralized Exchange: The Uniswap Automated Market Maker
2025-04-29 13:11:37,054 - INFO - 图片 ../Periodicals_AI_Refined/JF/Volume 80 Issue 1\Does Floor Trading Matter\images\56d83e4be64446ba9330b0f034283700.jpg 上传成功，media_id: nviH_gtArO5neo9gazxDzPB8NgS0nfQZO0Jz8kV9fcNCB0KNJduZB9016RQAY4Ek
2025-04-29 13:11:37,054 - INFO - 成功解析文章: Does Floor Trading Matter?
2025-04-29 13:11:38,162 - INFO - 图片 ../Periodicals_AI_Refined/JF/Volume 80 Issue 1\Dynamic Competition in Negotiated Price Markets\images\b541ef9298dd4f33857949b1a1b1e9d2.jpg 上传成功，media_id: nviH_gtArO5neo9gazxDzEdV2YZLnplmlMN8oeQsIn3fWHgQkLXTGmDuEV1hZS6T
2025-04-29 13:11:38,162 - INFO - 成功解析文章: Dynamic Competition in Negotiated Price Markets
2025-04-29 13:11:39,297 - INFO - 图片 ../Periodicals_AI_Refined/JF/Volume 80 Issue 1\Equilibrium Data Mining and Data Abundance\images\1f100be69b934b8f9e10dc0aefa25b6b.jpg 上传成功，media_id: nviH_gtArO5neo9gazxDzLFENnLqlGmStPzCvojdDWEI6UlOFIyFf_h-9FdLWVt-
2025-04-29 13:11:39,297 - INFO - 成功解析文章: Equilibrium Data Mining and Data Abundance
2025-04-29 13:11:40,793 - INFO - 图片 ../Periodicals_AI_Refined/JF/Volume 80 Issue 1\Intermediary Leverage Shocks and Funding Conditions\images\8de90a469045485f9fe15938d17ad55d.jpg 上传成功，media_id: nviH_gtArO5neo9gazxDzIEACvwT54gLtY9zTt-xjMepdG91S-teUoSzTFAdNLr1
2025-04-29 13:11:40,793 - INFO - 成功解析文章: Intermediary Leverage Shocks and Funding Conditions
2025-04-29 13:11:41,841 - INFO - 图片 ../Periodicals_AI_Refined/JF/Volume 80 Issue 1\Personal Communication in an Automated World Evidence from Loan Repayments\images\b392a8b7a1234c88aa7943b7f0f9c80b.jpg 上传成功，media_id: nviH_gtArO5neo9gazxDzLbEfKsuyKPpcI7ibPdQTwBIpGDIKrWTbAf06HWaL7Cn
2025-04-29 13:11:41,841 - INFO - 成功解析文章: Personal Communication in an Automated World: Evidence from Loan Repayments
2025-04-29 13:11:42,907 - INFO - 图片 ../Periodicals_AI_Refined/JF/Volume 80 Issue 1\Private Equity and Financial Stability Evidence from Failed-Bank Resolution in the Crisis\images\dbae964f9c4645b095b3cc743681771e.jpg 上传成功，media_id: nviH_gtArO5neo9gazxDzKAp_txJOpDff8jtbhMSORrhsYNN3mnlN_U8gzW6jaGs
2025-04-29 13:11:42,908 - INFO - 成功解析文章: Private Equity and Financial Stability: Evidence from Failed-Bank Resolution in the Crisis
2025-04-29 13:11:44,218 - INFO - 图片 ../Periodicals_AI_Refined/JF/Volume 80 Issue 1\Scope, Scale, and Concentration The 21st-Century Firm\images\02f611d8e07c4b80a2625a37588941a9.jpg 上传成功，media_id: nviH_gtArO5neo9gazxDzOf4hi3XShThK-oF9vkN9O-nuZkn-rsZgWZEtRmx5yfH
2025-04-29 13:11:44,219 - INFO - 成功解析文章: Scope, Scale, and Concentration: The 21st-Century Firm
2025-04-29 13:11:45,304 - INFO - 图片 ../Periodicals_AI_Refined/JF/Volume 80 Issue 1\Sending Out an SMS Automatic Enrollment Experiments for Overdraft Alerts\images\2942be1829684279b88d95913e53c5f8.jpg 上传成功，media_id: nviH_gtArO5neo9gazxDzARAtNasghZaIgUDAhJGjPW8njpgYIWjcDZmAIs6IRt9
2025-04-29 13:11:45,304 - INFO - 成功解析文章: Sending Out an SMS: Automatic Enrollment Experiments for Overdraft Alerts
2025-04-29 13:11:46,562 - INFO - 图片 ../Periodicals_AI_Refined/JF/Volume 80 Issue 1\Test Assets and Weak Factors\images\12262e18d9c14b658ac15b235fc8d649.jpg 上传成功，media_id: nviH_gtArO5neo9gazxDzAM7dhVWn_-ykvpap0uHm9E29aIpnzGybaXWnwGLOt5c
2025-04-29 13:11:46,562 - INFO - 成功解析文章: Test Assets and Weak Factors
2025-04-29 13:11:47,829 - INFO - 图片 ../Periodicals_AI_Refined/JF/Volume 80 Issue 1\The Global Credit Spread Puzzle\images\e62d1b91a8f64bfa8dea42ae6bc647d4.jpg 上传成功，media_id: nviH_gtArO5neo9gazxDzOdixlZi23lCSQWH6t_q8Bo-ZvrfqTCsLVEbi-As-NuX
2025-04-29 13:11:47,830 - INFO - 成功解析文章: The Global Credit Spread Puzzle
2025-04-29 13:11:47,830 - INFO - 开始生成草稿内容，期刊: JF，标题: 【JF 80-1】西财人的专属学术外挂！每天1 分钟，AI 帮你读完三大顶刊！
2025-04-29 13:11:47,830 - INFO - JF_Top.png media_id: nviH_gtArO5neo9gazxDzLzOtTCHhzqgLx5YpXjvYvoIrEq-qH8FFnr8NRuYgmQb
2025-04-29 13:11:47,830 - INFO - JF.png media_id: nviH_gtArO5neo9gazxDzKrxWtHXb0qoSyY8-93M7NKbdT68OonyTWchylE4_Gki
2025-04-29 13:11:48,885 - ERROR - 获取素材 URL 失败 (media_id: nviH_gtArO5neo9gazxDzLzOtTCHhzqgLx5YpXjvYvoIrEq-qH8FFnr8NRuYgmQb): Expecting value: line 1 column 1 (char 0)
2025-04-29 13:11:48,886 - WARNING - 无法获取 JF_Top.png 的 URL，尝试重新上传
2025-04-29 13:11:48,886 - ERROR - 图片 Material/JF_Top.png 不存在
2025-04-29 13:11:48,886 - WARNING - 未插入 JF_Top.png，因缺少有效 URL
2025-04-29 13:11:51,348 - INFO - 草稿创建成功，媒体ID: nviH_gtArO5neo9gazxDzKpcOjldoNGVTzea45q0xG06XMGLjqTd8JQ500GvoGj-
2025-04-29 13:17:31,325 - INFO - 成功获取 access_token
2025-04-29 13:17:32,474 - INFO - 图片 ../Periodicals_AI_Refined/JF/Volume 80 Issue 1\Bank Funding Risk, Reference Rates, and Credit Supply\images\2880dd9c71924cf7b8c31c51df5929df.png 上传成功，media_id: nviH_gtArO5neo9gazxDzFsAYLZ5zuwfkur9IF63C9CWQITI_-7OZk_fDSSJ28Md
2025-04-29 13:17:32,474 - INFO - 成功解析文章: Bank Funding Risk, Reference Rates, and Credit Supply
2025-04-29 13:17:33,556 - INFO - 图片 ../Periodicals_AI_Refined/JF/Volume 80 Issue 1\Carbon Returns across the Globe\images\8df866b9fcef4f1b8d9df1c85cf95965.jpg 上传成功，media_id: nviH_gtArO5neo9gazxDzNIjIpMPeJBk4A_TYG0bQpygs2qfbJ9OON0YfGIIjGDy
2025-04-29 13:17:33,556 - INFO - 成功解析文章: Carbon Returns across the Globe
2025-04-29 13:17:34,652 - INFO - 图片 ../Periodicals_AI_Refined/JF/Volume 80 Issue 1\Decentralized Exchange The Uniswap Automated Market Maker\images\79b4f3d9aa144360bd1a061f64c2d4c5.jpg 上传成功，media_id: nviH_gtArO5neo9gazxDzKhzz6ynWFjgt4sPp3O99KKCS8jsdI6Sxg9dYjH5urJn
2025-04-29 13:17:34,653 - INFO - 成功解析文章: Decentralized Exchange: The Uniswap Automated Market Maker
2025-04-29 13:17:35,653 - INFO - 图片 ../Periodicals_AI_Refined/JF/Volume 80 Issue 1\Does Floor Trading Matter\images\d611a70c47b24037b3458f7d2ec949c8.jpg 上传成功，media_id: nviH_gtArO5neo9gazxDzH61BJS7NzIsxzb5Mz5VkB6KZ6S70EKrRDLIyyNrAQQw
2025-04-29 13:17:35,654 - INFO - 成功解析文章: Does Floor Trading Matter?
2025-04-29 13:17:36,802 - INFO - 图片 ../Periodicals_AI_Refined/JF/Volume 80 Issue 1\Dynamic Competition in Negotiated Price Markets\images\a6174e01cfeb434d94633ab54a0ef324.jpg 上传成功，media_id: nviH_gtArO5neo9gazxDzGKyGeo4dP632d1eEQ05YCi6cZwSHHccasPP7baVGNOh
2025-04-29 13:17:36,803 - INFO - 成功解析文章: Dynamic Competition in Negotiated Price Markets
2025-04-29 13:17:37,985 - INFO - 图片 ../Periodicals_AI_Refined/JF/Volume 80 Issue 1\Equilibrium Data Mining and Data Abundance\images\5276304dccde47dc9a0582cc57e4b429.jpg 上传成功，media_id: nviH_gtArO5neo9gazxDzB2knsSVTei9enp6YslLJvMayV1pAgWgiQA0k4pEkjub
2025-04-29 13:17:37,985 - INFO - 成功解析文章: Equilibrium Data Mining and Data Abundance
2025-04-29 13:17:39,463 - INFO - 图片 ../Periodicals_AI_Refined/JF/Volume 80 Issue 1\Intermediary Leverage Shocks and Funding Conditions\images\3a538de3ce954a1b8dee31672d30db69.jpg 上传成功，media_id: nviH_gtArO5neo9gazxDzJecVc72IWPYlesnOBF7kAFE6gD00Ljz_A0EHQUFoesT
2025-04-29 13:17:39,463 - INFO - 成功解析文章: Intermediary Leverage Shocks and Funding Conditions
2025-04-29 13:17:40,429 - INFO - 图片 ../Periodicals_AI_Refined/JF/Volume 80 Issue 1\Personal Communication in an Automated World Evidence from Loan Repayments\images\07929927d332452d8637a8f19062227a.jpg 上传成功，media_id: nviH_gtArO5neo9gazxDzCzwmH1yl3pgISGWXaLZuJ71idMdJK9eqaplzNlKIY2l
2025-04-29 13:17:40,429 - INFO - 成功解析文章: Personal Communication in an Automated World: Evidence from Loan Repayments
2025-04-29 13:17:41,532 - INFO - 图片 ../Periodicals_AI_Refined/JF/Volume 80 Issue 1\Private Equity and Financial Stability Evidence from Failed-Bank Resolution in the Crisis\images\80f0e3b4745f41249261008c1c6fdf0b.jpg 上传成功，media_id: nviH_gtArO5neo9gazxDzP-NrHkio8GBY5R6pdxTjH_VHb7_HduYVTB-Eg756xLC
2025-04-29 13:17:41,532 - INFO - 成功解析文章: Private Equity and Financial Stability: Evidence from Failed-Bank Resolution in the Crisis
2025-04-29 13:17:42,870 - INFO - 图片 ../Periodicals_AI_Refined/JF/Volume 80 Issue 1\Scope, Scale, and Concentration The 21st-Century Firm\images\4a1cfd693a65416d8563c5709a73e868.jpg 上传成功，media_id: nviH_gtArO5neo9gazxDzB-UzCf1AFHuIpKszfQnPI4c_iNqXfv38r-i6OX0_-y1
2025-04-29 13:17:42,870 - INFO - 成功解析文章: Scope, Scale, and Concentration: The 21st-Century Firm
2025-04-29 13:17:44,012 - INFO - 图片 ../Periodicals_AI_Refined/JF/Volume 80 Issue 1\Sending Out an SMS Automatic Enrollment Experiments for Overdraft Alerts\images\9a8f6af9dccb437d9a4aa3417586c958.jpg 上传成功，media_id: nviH_gtArO5neo9gazxDzHsHrHBHFYWF-ZQ7QeDT8eOk-parP4_juQRRrcQy22Yz
2025-04-29 13:17:44,012 - INFO - 成功解析文章: Sending Out an SMS: Automatic Enrollment Experiments for Overdraft Alerts
2025-04-29 13:17:45,439 - INFO - 图片 ../Periodicals_AI_Refined/JF/Volume 80 Issue 1\Test Assets and Weak Factors\images\a0d6f65dece240e3bab5ac1c1edd4493.jpg 上传成功，media_id: nviH_gtArO5neo9gazxDzPPFhtvkEPHURp7xqnUF75LLkFsbGweNAM0O6iDpdNi1
2025-04-29 13:17:45,439 - INFO - 成功解析文章: Test Assets and Weak Factors
2025-04-29 13:17:46,633 - INFO - 图片 ../Periodicals_AI_Refined/JF/Volume 80 Issue 1\The Global Credit Spread Puzzle\images\e60c10f542d340099fbcdb1db76d51e8.jpg 上传成功，media_id: nviH_gtArO5neo9gazxDzKn0TIFd-sL1OmeTlOjGI44Hg3BYBbXPQ64yOZgL-y2C
2025-04-29 13:17:46,633 - INFO - 成功解析文章: The Global Credit Spread Puzzle
2025-04-29 13:17:46,634 - INFO - 开始生成草稿内容，期刊: JF，标题: 【JF 80-1】西财人的专属学术外挂！每天1 分钟，AI 帮你读完三大顶刊！
2025-04-29 13:17:46,634 - INFO - JF_Top.png media_id: nviH_gtArO5neo9gazxDzLzOtTCHhzqgLx5YpXjvYvoIrEq-qH8FFnr8NRuYgmQb
2025-04-29 13:17:46,634 - INFO - JF.png media_id: nviH_gtArO5neo9gazxDzKrxWtHXb0qoSyY8-93M7NKbdT68OonyTWchylE4_Gki
2025-04-29 13:17:47,422 - ERROR - 获取素材 URL 失败 (media_id: nviH_gtArO5neo9gazxDzLzOtTCHhzqgLx5YpXjvYvoIrEq-qH8FFnr8NRuYgmQb): Expecting value: line 1 column 1 (char 0)
2025-04-29 13:17:47,423 - WARNING - 无法获取 JF_Top.png 的 URL，尝试重新上传
2025-04-29 13:17:48,822 - INFO - 图片 ../Material/JF_Top.png 上传成功，media_id: nviH_gtArO5neo9gazxDzGYesXh5Z3Z8llnitl11zt2zEb-5smI6V_zO2cgwOQxB
2025-04-29 13:17:48,825 - INFO - 已重新上传 JF_Top.png，media_id: nviH_gtArO5neo9gazxDzGYesXh5Z3Z8llnitl11zt2zEb-5smI6V_zO2cgwOQxB
2025-04-29 13:17:48,825 - INFO - 成功插入 JF_Top.png，URL: http://mmbiz.qpic.cn/mmbiz_png/y2LkHVa2pA4ic7R1hKr5pVwn1ia9aQ0875Z2YSyHZxYSuHElicwYb73S1Ww25AjiaTGAo3RpAuYBORd4eOThIyW0jA/0?wx_fmt=png
2025-04-29 13:17:51,155 - INFO - 草稿创建成功，媒体ID: nviH_gtArO5neo9gazxDzHEkgl03OtcRPmraPGbikWRF-mAKjS4BtbRVNOUXvF6R
2025-04-29 13:24:54,797 - ERROR - 获取Token失败: invalid ip 218.89.242.127 ipv6 ::ffff:218.89.242.127, not in whitelist rid: 681062a6-24ed2e0b-4bb5da76
2025-04-29 13:24:54,797 - ERROR - Token请求异常: 获取Token失败: invalid ip 218.89.242.127 ipv6 ::ffff:218.89.242.127, not in whitelist rid: 681062a6-24ed2e0b-4bb5da76
2025-04-29 13:24:54,798 - ERROR - 获取Token失败，程序退出
2025-04-29 13:24:58,862 - ERROR - 获取Token失败: invalid ip 218.89.242.127 ipv6 ::ffff:218.89.242.127, not in whitelist rid: 681062aa-5d7f5b64-10335cd3
2025-04-29 13:24:58,862 - ERROR - Token请求异常: 获取Token失败: invalid ip 218.89.242.127 ipv6 ::ffff:218.89.242.127, not in whitelist rid: 681062aa-5d7f5b64-10335cd3
2025-04-29 13:24:58,862 - ERROR - 获取Token失败，程序退出
2025-04-29 13:25:09,883 - ERROR - 获取Token失败: invalid ip 218.89.242.127 ipv6 ::ffff:218.89.242.127, not in whitelist rid: 681062b5-2575863f-41533289
2025-04-29 13:25:09,884 - ERROR - Token请求异常: 获取Token失败: invalid ip 218.89.242.127 ipv6 ::ffff:218.89.242.127, not in whitelist rid: 681062b5-2575863f-41533289
2025-04-29 13:25:09,884 - ERROR - 获取Token失败，程序退出
2025-04-29 13:25:24,770 - ERROR - 获取Token失败: invalid ip 218.89.242.127 ipv6 ::ffff:218.89.242.127, not in whitelist rid: 681062c4-36f98f5e-10317516
2025-04-29 13:25:24,770 - ERROR - Token请求异常: 获取Token失败: invalid ip 218.89.242.127 ipv6 ::ffff:218.89.242.127, not in whitelist rid: 681062c4-36f98f5e-10317516
2025-04-29 13:25:24,770 - ERROR - 获取Token失败，程序退出
2025-04-29 13:25:38,828 - INFO - 成功获取 access_token
2025-04-29 13:25:39,992 - INFO - 图片 ../Periodicals_AI_Refined/JF/Volume 80 Issue 1\Bank Funding Risk, Reference Rates, and Credit Supply\images\c4672dc489d6400a9fd3c8bf11c2333b.png 上传成功，media_id: nviH_gtArO5neo9gazxDzGdV6CXuZZSYZUOnYKxtDQNxv-XLglUdamPoASxiI5He
2025-04-29 13:25:39,992 - INFO - 成功解析文章: Bank Funding Risk, Reference Rates, and Credit Supply
2025-04-29 13:25:41,166 - INFO - 图片 ../Periodicals_AI_Refined/JF/Volume 80 Issue 1\Carbon Returns across the Globe\images\0a7da8747f6145e5990d580ca54951d9.jpg 上传成功，media_id: nviH_gtArO5neo9gazxDzNOG-1HGJbCNEnmECN8ncCA1CJKMkVDtc8qQE6D7Spal
2025-04-29 13:25:41,166 - INFO - 成功解析文章: Carbon Returns across the Globe
2025-04-29 13:25:42,284 - INFO - 图片 ../Periodicals_AI_Refined/JF/Volume 80 Issue 1\Decentralized Exchange The Uniswap Automated Market Maker\images\071f768687d34b7e95d32cfe1dc092dc.jpg 上传成功，media_id: nviH_gtArO5neo9gazxDzIh6NHZUCmwSvd4j_95srChGG-gkPBzNKzbFbhXw3tfT
2025-04-29 13:25:42,284 - INFO - 成功解析文章: Decentralized Exchange: The Uniswap Automated Market Maker
2025-04-29 13:25:43,244 - INFO - 图片 ../Periodicals_AI_Refined/JF/Volume 80 Issue 1\Does Floor Trading Matter\images\d36f74fe37834745968e8f9f4fdbbe2b.jpg 上传成功，media_id: nviH_gtArO5neo9gazxDzHqaq9pwEFS1nqNEFbApWpnCM1Pi_HO9nEa32K_SMjHp
2025-04-29 13:25:43,245 - INFO - 成功解析文章: Does Floor Trading Matter?
2025-04-29 13:25:44,318 - INFO - 图片 ../Periodicals_AI_Refined/JF/Volume 80 Issue 1\Dynamic Competition in Negotiated Price Markets\images\e639efc457e94f0eb114796484357116.jpg 上传成功，media_id: nviH_gtArO5neo9gazxDzKA8OVzd4k9WtSI1acg7ibSTZGWD6ugw1SgcuhLXvsaE
2025-04-29 13:25:44,318 - INFO - 成功解析文章: Dynamic Competition in Negotiated Price Markets
2025-04-29 13:25:45,472 - INFO - 图片 ../Periodicals_AI_Refined/JF/Volume 80 Issue 1\Equilibrium Data Mining and Data Abundance\images\659cb3705d1f4986822a44d7236c165d.jpg 上传成功，media_id: nviH_gtArO5neo9gazxDzKRcqJ8STmsheocr2PHEbZEVwJQFX-yoVUi390U38LGY
2025-04-29 13:25:45,472 - INFO - 成功解析文章: Equilibrium Data Mining and Data Abundance
2025-04-29 13:25:46,885 - INFO - 图片 ../Periodicals_AI_Refined/JF/Volume 80 Issue 1\Intermediary Leverage Shocks and Funding Conditions\images\e937d3e457b7465a8c8453fff05aa8bd.jpg 上传成功，media_id: nviH_gtArO5neo9gazxDzK2GmlE6a_FDZomcDiP_oEC4wCs01-pionwI6gWhESLq
2025-04-29 13:25:46,886 - INFO - 成功解析文章: Intermediary Leverage Shocks and Funding Conditions
2025-04-29 13:25:47,836 - INFO - 图片 ../Periodicals_AI_Refined/JF/Volume 80 Issue 1\Personal Communication in an Automated World Evidence from Loan Repayments\images\fc380ce5de2646baad9579da9aa2f613.jpg 上传成功，media_id: nviH_gtArO5neo9gazxDzGs8uJPHjguSvrMnTsgtWdUFS_50LBpH4Hfwg4YkyU5I
2025-04-29 13:25:47,837 - INFO - 成功解析文章: Personal Communication in an Automated World: Evidence from Loan Repayments
2025-04-29 13:25:48,870 - INFO - 图片 ../Periodicals_AI_Refined/JF/Volume 80 Issue 1\Private Equity and Financial Stability Evidence from Failed-Bank Resolution in the Crisis\images\f0d3bbb0ac094ad49b9d697b0566cdce.jpg 上传成功，media_id: nviH_gtArO5neo9gazxDzAUOgwg7hSg255EBU5vo0pClLMSIVTm0UGPuc4d6Gs32
2025-04-29 13:25:48,870 - INFO - 成功解析文章: Private Equity and Financial Stability: Evidence from Failed-Bank Resolution in the Crisis
2025-04-29 13:25:50,352 - INFO - 图片 ../Periodicals_AI_Refined/JF/Volume 80 Issue 1\Scope, Scale, and Concentration The 21st-Century Firm\images\98ce1318055d4efe98cf3c7fde446120.jpg 上传成功，media_id: nviH_gtArO5neo9gazxDzPxL6cwUSfxwVcoa3T1UE2Iy9tzE0UaEEFP0uY7C52hZ
2025-04-29 13:25:50,353 - INFO - 成功解析文章: Scope, Scale, and Concentration: The 21st-Century Firm
2025-04-29 13:25:51,418 - INFO - 图片 ../Periodicals_AI_Refined/JF/Volume 80 Issue 1\Sending Out an SMS Automatic Enrollment Experiments for Overdraft Alerts\images\eb87bd5fff76428aa92abdaf4eea8da8.jpg 上传成功，media_id: nviH_gtArO5neo9gazxDzHNwCF4BT8DSYp8hBDpKUNV20owzZmd1L_kKYsH2wWVE
2025-04-29 13:25:51,418 - INFO - 成功解析文章: Sending Out an SMS: Automatic Enrollment Experiments for Overdraft Alerts
2025-04-29 13:25:52,742 - INFO - 图片 ../Periodicals_AI_Refined/JF/Volume 80 Issue 1\Test Assets and Weak Factors\images\4025088804c54a1a827dbf6f6aaa1705.jpg 上传成功，media_id: nviH_gtArO5neo9gazxDzGqHDf50lx0TBj1sJAsZj8-kRN-AVOTCz2tQ8NkQjDKh
2025-04-29 13:25:52,742 - INFO - 成功解析文章: Test Assets and Weak Factors
2025-04-29 13:25:54,015 - INFO - 图片 ../Periodicals_AI_Refined/JF/Volume 80 Issue 1\The Global Credit Spread Puzzle\images\73f8e9250493473d8a163d03e9e067ad.jpg 上传成功，media_id: nviH_gtArO5neo9gazxDzOahjmC7DQ5GyCu2fX4QMO8DOF9dtR9ERo_N1xT-p4XP
2025-04-29 13:25:54,016 - INFO - 成功解析文章: The Global Credit Spread Puzzle
2025-04-29 13:25:54,016 - INFO - 开始生成草稿内容，期刊: JF，标题: 【JF 80-1】西财人的专属学术外挂！每天1 分钟，AI 帮你读完三大顶刊！
2025-04-29 13:25:54,016 - INFO - JF_Top.png media_id: nviH_gtArO5neo9gazxDzGYesXh5Z3Z8llnitl11zt2zEb-5smI6V_zO2cgwOQxB
2025-04-29 13:25:54,016 - INFO - JF.png media_id: nviH_gtArO5neo9gazxDzKrxWtHXb0qoSyY8-93M7NKbdT68OonyTWchylE4_Gki
2025-04-29 13:25:54,890 - ERROR - 获取素材 URL 失败 (media_id: nviH_gtArO5neo9gazxDzGYesXh5Z3Z8llnitl11zt2zEb-5smI6V_zO2cgwOQxB): Expecting value: line 1 column 1 (char 0)
2025-04-29 13:25:54,891 - WARNING - 无法获取 JF_Top.png 的 URL，尝试重新上传
2025-04-29 13:25:56,209 - INFO - 图片 ../Material/JF_Top.png 上传成功，media_id: nviH_gtArO5neo9gazxDzGJOV1NWi1wsrSL8t54kVwsUg_z-7-R5PGjCJ5sx_bEy
2025-04-29 13:25:56,210 - INFO - 已重新上传 JF_Top.png，media_id: nviH_gtArO5neo9gazxDzGJOV1NWi1wsrSL8t54kVwsUg_z-7-R5PGjCJ5sx_bEy
2025-04-29 13:25:56,210 - INFO - 成功插入 JF_Top.png，URL: http://mmbiz.qpic.cn/mmbiz_png/y2LkHVa2pA4ic7R1hKr5pVwn1ia9aQ0875Z2YSyHZxYSuHElicwYb73S1Ww25AjiaTGAo3RpAuYBORd4eOThIyW0jA/0?wx_fmt=png
2025-04-29 13:25:58,644 - INFO - 草稿创建成功，媒体ID: nviH_gtArO5neo9gazxDzCYwUj8QlR-IVkKWi6qfAI2B9jPCJ_IsXc3FOHAoJ4ln
2025-04-29 14:12:15,332 - INFO - 成功获取 access_token
2025-04-29 14:12:16,368 - INFO - 图片 ../Periodicals_AI_Refined/JF/Volume 80 Issue 1\Bank Funding Risk, Reference Rates, and Credit Supply\images\e600ea212bda45fa9685cbc42866e6b3.png 上传成功，media_id: nviH_gtArO5neo9gazxDzEUxwr1-vJTBJljODWw66-qvY81UvEjdCWDkBK6E9m-s
2025-04-29 14:12:16,369 - INFO - 成功解析文章: Bank Funding Risk, Reference Rates, and Credit Supply
2025-04-29 14:12:17,526 - INFO - 图片 ../Periodicals_AI_Refined/JF/Volume 80 Issue 1\Carbon Returns across the Globe\images\05190ab863d443a89f2815e9f03f14e0.jpg 上传成功，media_id: nviH_gtArO5neo9gazxDzPqX487Dd6SX8utU20JGcsVy8sDblyf3Vqp4LKTEm35K
2025-04-29 14:12:17,526 - INFO - 成功解析文章: Carbon Returns across the Globe
2025-04-29 14:12:18,561 - INFO - 图片 ../Periodicals_AI_Refined/JF/Volume 80 Issue 1\Decentralized Exchange The Uniswap Automated Market Maker\images\caa989ff33d84eaea9375dd06e45ba03.jpg 上传成功，media_id: nviH_gtArO5neo9gazxDzGNnQ0pyWZC72eD6mud7yNNoxPR36iv0dOFTZtAMUzkH
2025-04-29 14:12:18,562 - INFO - 成功解析文章: Decentralized Exchange: The Uniswap Automated Market Maker
2025-04-29 14:12:19,591 - INFO - 图片 ../Periodicals_AI_Refined/JF/Volume 80 Issue 1\Does Floor Trading Matter\images\1ad6899132074a579a4ce14bbee30277.jpg 上传成功，media_id: nviH_gtArO5neo9gazxDzHfK_buuss2udl56UwZJwIeXJ6Q52B7wyzfjBXAVPBKY
2025-04-29 14:12:19,591 - INFO - 成功解析文章: Does Floor Trading Matter?
2025-04-29 14:12:20,705 - INFO - 图片 ../Periodicals_AI_Refined/JF/Volume 80 Issue 1\Dynamic Competition in Negotiated Price Markets\images\d508e786c7db4a4aba1e4b58dcbd5491.jpg 上传成功，media_id: nviH_gtArO5neo9gazxDzIjFPt_gbi6GhKV8FJdjIWJpyOKFuwL1cenUUdEQHviv
2025-04-29 14:12:20,705 - INFO - 成功解析文章: Dynamic Competition in Negotiated Price Markets
2025-04-29 14:12:21,767 - INFO - 图片 ../Periodicals_AI_Refined/JF/Volume 80 Issue 1\Equilibrium Data Mining and Data Abundance\images\46ef21a28f2e402e9400872ecb3acbd6.jpg 上传成功，media_id: nviH_gtArO5neo9gazxDzK7RzX_3scECSQV_mVbxwtUmDape1LWExWJ8z8d6LcyT
2025-04-29 14:12:21,767 - INFO - 成功解析文章: Equilibrium Data Mining and Data Abundance
2025-04-29 14:12:23,118 - INFO - 图片 ../Periodicals_AI_Refined/JF/Volume 80 Issue 1\Intermediary Leverage Shocks and Funding Conditions\images\12fa49ea33994a01bf124ca35eedb958.jpg 上传成功，media_id: nviH_gtArO5neo9gazxDzDZF5H8auL0ggNz8ds83ssT6p8dj_LLDKFGFeegTdS7w
2025-04-29 14:12:23,118 - INFO - 成功解析文章: Intermediary Leverage Shocks and Funding Conditions
2025-04-29 14:12:24,027 - INFO - 图片 ../Periodicals_AI_Refined/JF/Volume 80 Issue 1\Personal Communication in an Automated World Evidence from Loan Repayments\images\8bd8a6f82c8348fa9cf86ee94a74c2de.jpg 上传成功，media_id: nviH_gtArO5neo9gazxDzDwKZe6HLnUlIjl3G_UkwSU79LQm3hJeDuxn2UkKxrxY
2025-04-29 14:12:24,027 - INFO - 成功解析文章: Personal Communication in an Automated World: Evidence from Loan Repayments
2025-04-29 14:12:25,103 - INFO - 图片 ../Periodicals_AI_Refined/JF/Volume 80 Issue 1\Private Equity and Financial Stability Evidence from Failed-Bank Resolution in the Crisis\images\fa380309365f451399dd82e5a23e8d7d.jpg 上传成功，media_id: nviH_gtArO5neo9gazxDzCjnkb3wg-SHBR663F9F_jaV4sFddqIRHzPns3_15sbR
2025-04-29 14:12:25,103 - INFO - 成功解析文章: Private Equity and Financial Stability: Evidence from Failed-Bank Resolution in the Crisis
2025-04-29 14:12:26,609 - INFO - 图片 ../Periodicals_AI_Refined/JF/Volume 80 Issue 1\Scope, Scale, and Concentration The 21st-Century Firm\images\3d279166446e46258af645dc1541d441.jpg 上传成功，media_id: nviH_gtArO5neo9gazxDzEev5Hqi1oVQlvKNwiDt66U7fPip7v6f2PiWMOo6yd2H
2025-04-29 14:12:26,609 - INFO - 成功解析文章: Scope, Scale, and Concentration: The 21st-Century Firm
2025-04-29 14:12:27,657 - INFO - 图片 ../Periodicals_AI_Refined/JF/Volume 80 Issue 1\Sending Out an SMS Automatic Enrollment Experiments for Overdraft Alerts\images\460b3b633f1a4d96b89eb95d3041a373.jpg 上传成功，media_id: nviH_gtArO5neo9gazxDzK37HDbZNA1ZXP9Flavro9uj3rNHcwDHCxriCPnkhu-o
2025-04-29 14:12:27,657 - INFO - 成功解析文章: Sending Out an SMS: Automatic Enrollment Experiments for Overdraft Alerts
2025-04-29 14:12:29,042 - INFO - 图片 ../Periodicals_AI_Refined/JF/Volume 80 Issue 1\Test Assets and Weak Factors\images\76167864120844ab99d627a03a739136.jpg 上传成功，media_id: nviH_gtArO5neo9gazxDzEih0WDa7ofQUW2CiCvVRMsCCX4OKGDZzerz-ELc3Mhd
2025-04-29 14:12:29,042 - INFO - 成功解析文章: Test Assets and Weak Factors
2025-04-29 14:12:30,272 - INFO - 图片 ../Periodicals_AI_Refined/JF/Volume 80 Issue 1\The Global Credit Spread Puzzle\images\f994254a252b460dbf442c1c90554e27.jpg 上传成功，media_id: nviH_gtArO5neo9gazxDzAASUUkQ1Azd5izupBc5jU0DzfX6zwYAmqztAQ11ngPK
2025-04-29 14:12:30,272 - INFO - 成功解析文章: The Global Credit Spread Puzzle
2025-04-29 14:12:30,272 - INFO - 开始生成草稿内容，期刊: JF，标题: 【JF 80-1】西财人的专属学术外挂！每天1 分钟，AI 帮你读完三大顶刊！
2025-04-29 14:12:30,273 - INFO - JF_Top.png media_id: nviH_gtArO5neo9gazxDzGJOV1NWi1wsrSL8t54kVwsUg_z-7-R5PGjCJ5sx_bEy
2025-04-29 14:12:30,273 - INFO - JF.png media_id: nviH_gtArO5neo9gazxDzKrxWtHXb0qoSyY8-93M7NKbdT68OonyTWchylE4_Gki
2025-04-29 14:12:31,115 - ERROR - 获取素材 URL 失败 (media_id: nviH_gtArO5neo9gazxDzGJOV1NWi1wsrSL8t54kVwsUg_z-7-R5PGjCJ5sx_bEy): Expecting value: line 1 column 1 (char 0)
2025-04-29 14:12:31,115 - WARNING - 无法获取 JF_Top.png 的 URL，尝试重新上传
2025-04-29 14:12:32,304 - INFO - 图片 ../Material/JF_Top.png 上传成功，media_id: nviH_gtArO5neo9gazxDzGRz628MmRkSnexa3xy_cxpw8p2gkV8eMSSwegInGI3l
2025-04-29 14:12:32,306 - INFO - 已重新上传 JF_Top.png，media_id: nviH_gtArO5neo9gazxDzGRz628MmRkSnexa3xy_cxpw8p2gkV8eMSSwegInGI3l
2025-04-29 14:12:32,306 - INFO - 成功插入 JF_Top.png，URL: http://mmbiz.qpic.cn/mmbiz_png/y2LkHVa2pA4ic7R1hKr5pVwn1ia9aQ0875Z2YSyHZxYSuHElicwYb73S1Ww25AjiaTGAo3RpAuYBORd4eOThIyW0jA/0?wx_fmt=png
2025-04-29 14:12:34,532 - INFO - 草稿创建成功，媒体ID: nviH_gtArO5neo9gazxDzDdC1BdnGvgMBLUqYPk8woQNPFsr00f1Y8f1_d4PiMQZ
2025-04-29 14:13:03,349 - INFO - 成功获取 access_token
2025-04-29 14:13:03,350 - ERROR - 路径 ..\../Periodicals_AI_Refined/JF/Volume 80 Issue 1 不存在或不是文件夹
2025-04-29 14:13:03,350 - ERROR - 未找到有效论文数据，程序退出
2025-04-29 14:37:07,987 - INFO - 成功获取 access_token
2025-04-29 14:37:09,123 - INFO - 图片 ../Periodicals_AI_Refined/JF/Volume 80 Issue 1\Bank Funding Risk, Reference Rates, and Credit Supply\images\96ac996914504cf0bdc45646bf9a69ff.png 上传成功，media_id: nviH_gtArO5neo9gazxDzOSr7fAYqk4mt3ERk-OBHEOU5DCguyA_jlNo7ILDA8Ki
2025-04-29 14:37:09,124 - INFO - 成功解析文章: Bank Funding Risk, Reference Rates, and Credit Supply
2025-04-29 14:37:10,254 - INFO - 图片 ../Periodicals_AI_Refined/JF/Volume 80 Issue 1\Carbon Returns across the Globe\images\2b18655792c04e1abd109c371cd55832.jpg 上传成功，media_id: nviH_gtArO5neo9gazxDzPFDHWRkOprIJWdDVLJRZqOlHT-Ix6nUZTMdeLoWqcJ5
2025-04-29 14:37:10,254 - INFO - 成功解析文章: Carbon Returns across the Globe
2025-04-29 14:37:11,306 - INFO - 图片 ../Periodicals_AI_Refined/JF/Volume 80 Issue 1\Decentralized Exchange The Uniswap Automated Market Maker\images\b19b930344d042a48a567c231000454a.jpg 上传成功，media_id: nviH_gtArO5neo9gazxDzFFZs65mOwMSUQveNoC8uCMasusIVi0t3a7o-Tn7iFJM
2025-04-29 14:37:11,307 - INFO - 成功解析文章: Decentralized Exchange: The Uniswap Automated Market Maker
2025-04-29 14:37:12,297 - INFO - 图片 ../Periodicals_AI_Refined/JF/Volume 80 Issue 1\Does Floor Trading Matter\images\3af11e707fe4484bb9362732848160ce.jpg 上传成功，media_id: nviH_gtArO5neo9gazxDzHUj5aScxsP69qa98U1X74LnMU5Ly3mY_s9NTydIyL02
2025-04-29 14:37:12,297 - INFO - 成功解析文章: Does Floor Trading Matter?
2025-04-29 14:37:13,396 - INFO - 图片 ../Periodicals_AI_Refined/JF/Volume 80 Issue 1\Dynamic Competition in Negotiated Price Markets\images\67b2ee7ddc5b4d1bb8d5d6af204234d0.jpg 上传成功，media_id: nviH_gtArO5neo9gazxDzMPnPiadtnNc-uBEQDj3O0Q6qfYvqfgEwZ8D6Uvik32g
2025-04-29 14:37:13,396 - INFO - 成功解析文章: Dynamic Competition in Negotiated Price Markets
2025-04-29 14:37:14,505 - INFO - 图片 ../Periodicals_AI_Refined/JF/Volume 80 Issue 1\Equilibrium Data Mining and Data Abundance\images\beae1b4de05143e38f1d0610d7403f8f.jpg 上传成功，media_id: nviH_gtArO5neo9gazxDzL9f491BoRaa86e9PzGW_MCYZuG_xxwx7QiiN7gWz2FH
2025-04-29 14:37:14,505 - INFO - 成功解析文章: Equilibrium Data Mining and Data Abundance
2025-04-29 14:37:15,839 - INFO - 图片 ../Periodicals_AI_Refined/JF/Volume 80 Issue 1\Intermediary Leverage Shocks and Funding Conditions\images\b8bd4e330c05436e802607645eb73dd5.jpg 上传成功，media_id: nviH_gtArO5neo9gazxDzA2vc4jaLAOS-jW0sIa2BIMZunwwtdq87Gql9jsnYKM1
2025-04-29 14:37:15,840 - INFO - 成功解析文章: Intermediary Leverage Shocks and Funding Conditions
2025-04-29 14:37:16,750 - INFO - 图片 ../Periodicals_AI_Refined/JF/Volume 80 Issue 1\Personal Communication in an Automated World Evidence from Loan Repayments\images\c892f78c7f1648ae99a64b818ff0aa0d.jpg 上传成功，media_id: nviH_gtArO5neo9gazxDzG7SFfq9gfg_LZ_1XsKNlDpFXIdsJn-Bw4aiFbl0pb6V
2025-04-29 14:37:16,750 - INFO - 成功解析文章: Personal Communication in an Automated World: Evidence from Loan Repayments
2025-04-29 14:37:17,707 - INFO - 图片 ../Periodicals_AI_Refined/JF/Volume 80 Issue 1\Private Equity and Financial Stability Evidence from Failed-Bank Resolution in the Crisis\images\47d40877a10242b88a2ae475093bc9b2.jpg 上传成功，media_id: nviH_gtArO5neo9gazxDzJrjaDfD7MBWipHkrgTvb5y0Z5uRfpnzfWubSjUHVYhu
2025-04-29 14:37:17,708 - INFO - 成功解析文章: Private Equity and Financial Stability: Evidence from Failed-Bank Resolution in the Crisis
2025-04-29 14:37:19,185 - INFO - 图片 ../Periodicals_AI_Refined/JF/Volume 80 Issue 1\Scope, Scale, and Concentration The 21st-Century Firm\images\20bec95e0a104e3eaad4e2defe1d3506.jpg 上传成功，media_id: nviH_gtArO5neo9gazxDzLJ5kXGdw15zXq3XQR20dRb7GtI7thtIRkbIs3D8b20r
2025-04-29 14:37:19,186 - INFO - 成功解析文章: Scope, Scale, and Concentration: The 21st-Century Firm
2025-04-29 14:37:20,272 - INFO - 图片 ../Periodicals_AI_Refined/JF/Volume 80 Issue 1\Sending Out an SMS Automatic Enrollment Experiments for Overdraft Alerts\images\4cbe514df80749419a47c2b56581cea3.jpg 上传成功，media_id: nviH_gtArO5neo9gazxDzBxWlqyYYSQ4ekz9M9RVVE2Y_y5Z79LLt-YuJbZAGCUf
2025-04-29 14:37:20,272 - INFO - 成功解析文章: Sending Out an SMS: Automatic Enrollment Experiments for Overdraft Alerts
2025-04-29 14:37:21,647 - INFO - 图片 ../Periodicals_AI_Refined/JF/Volume 80 Issue 1\Test Assets and Weak Factors\images\1f000b9cfdac4d109e022af4e0db1824.jpg 上传成功，media_id: nviH_gtArO5neo9gazxDzDIKsC-5XKELZVN4XEkWa_FbC_NBUkfmV-TLnXUZ-mhv
2025-04-29 14:37:21,648 - INFO - 成功解析文章: Test Assets and Weak Factors
2025-04-29 14:37:22,909 - INFO - 图片 ../Periodicals_AI_Refined/JF/Volume 80 Issue 1\The Global Credit Spread Puzzle\images\e588a0229c8e4b5c9defc361f9f262d8.jpg 上传成功，media_id: nviH_gtArO5neo9gazxDzEyPtCuWhB1fMvwrWkAy6kMHRA5N47yyHR67vPbSZWl_
2025-04-29 14:37:22,910 - INFO - 成功解析文章: The Global Credit Spread Puzzle
2025-04-29 14:37:22,910 - INFO - 开始生成草稿内容，期刊: JF，标题: 【JF 80-1】西财人的专属学术外挂！每天1 分钟，AI 帮你读完三大顶刊！
2025-04-29 14:37:22,910 - INFO - 当前工作目录: D:\Project\PycharmProjects\Paper_Agent_Stream\Account_API
2025-04-29 14:37:22,910 - INFO - JF.png media_id: nviH_gtArO5neo9gazxDzKrxWtHXb0qoSyY8-93M7NKbdT68OonyTWchylE4_Gki
2025-04-29 14:37:22,910 - INFO - JF_Top.png 路径: D:\Project\PycharmProjects\Paper_Agent_Stream\Material\JF_Top.png
2025-04-29 14:37:22,911 - INFO - 正在上传 JF_Top.png
2025-04-29 14:37:24,219 - INFO - 图片 D:\Project\PycharmProjects\Paper_Agent_Stream\Material\JF_Top.png 上传成功，media_id: nviH_gtArO5neo9gazxDzPB0oR0XKMmxQwRvTOnAro140GPQdr16RcLURoMCyfqn
2025-04-29 14:37:24,220 - INFO - 成功上传 JF_Top.png，media_id: nviH_gtArO5neo9gazxDzPB0oR0XKMmxQwRvTOnAro140GPQdr16RcLURoMCyfqn
2025-04-29 14:37:24,220 - INFO - 成功插入 JF_Top.png，URL: http://mmbiz.qpic.cn/mmbiz_png/y2LkHVa2pA4ic7R1hKr5pVwn1ia9aQ0875Z2YSyHZxYSuHElicwYb73S1Ww25AjiaTGAo3RpAuYBORd4eOThIyW0jA/0?wx_fmt=png
2025-04-29 14:37:26,515 - INFO - 草稿创建成功，媒体ID: nviH_gtArO5neo9gazxDzDKsf6dfwo_c1t2vJoN3z12-D_zDsy5uVM1PwFIjHYoI
