2025-04-07 19:58:23 - utils.logger - INFO - 任务 Task 已启动，将每 24 hours 执行
2025-04-07 19:58:23 - utils.logger - INFO - 任务JFE执行中...
2025-04-07 20:01:02 - utils.logger - INFO - 任务 Task 已启动，将每 24 hours 执行
2025-04-07 20:01:02 - utils.logger - INFO - 任务JFE执行中...
2025-04-07 20:01:11 - utils.logger - INFO - 任务JFE执行完毕
2025-04-07 20:01:11 - utils.logger - INFO - 任务JF执行中...
2025-04-07 20:01:11 - utils.logger - INFO - Attempting to open https://onlinelibrary.wiley.com/toc/15406261/2025/80/2 (Attempt 1/5)...
2025-04-07 20:01:23 - utils.logger - INFO - https://onlinelibrary.wiley.com/toc/15406261/2025/80/2 loaded successfully.
2025-04-07 20:01:23 - utils.logger - INFO - ./Spider/JF\Volume 80, Issue 2 已经存在!
2025-04-07 20:01:25 - utils.logger - INFO - 任务JF执行完毕
2025-04-07 20:01:25 - utils.logger - INFO - 任务RFS执行中...
2025-04-07 20:01:25 - utils.logger - INFO - Attempting to open https://academic.oup.com/rfs/issue/38/4 (Attempt 1/10)...
2025-04-07 20:01:25 - utils.logger - INFO - start to open chrome
2025-04-07 20:02:53 - utils.logger - INFO - https://academic.oup.com/rfs/issue/38/4 loaded successfully.
2025-04-07 20:02:53 - utils.logger - INFO - ./Spider/RFS\Volume 38, Issue 4 已经存在!
2025-04-07 20:03:03 - utils.logger - INFO - 任务RFS执行完毕
2025-04-07 20:03:03 - utils.logger - INFO - 任务MS执行中...
2025-04-07 20:03:03 - utils.logger - INFO - Attempting to open https://pubsonline.informs.org/toc/mnsc/70/6 (Attempt 1/10)...
2025-04-07 20:03:03 - utils.logger - INFO - start to open chrome
2025-04-07 20:03:10 - utils.logger - INFO - https://pubsonline.informs.org/toc/mnsc/70/6 loaded successfully.
2025-04-07 20:03:12 - utils.logger - INFO - Scrape Volume 70, Issue 6
2025-04-07 20:03:12 - utils.logger - INFO - 开始第 1 次处理，共 38 篇文章
2025-04-07 20:03:12 - utils.logger - INFO - start to open chrome https://pubsonline.informs.org/doi/abs/10.1287/mnsc.2023.4883(1/38)
2025-04-07 20:03:36 - utils.logger - INFO - https://pubsonline.informs.org/doi/abs/10.1287/mnsc.2023.4883 加载完成!
2025-04-07 20:03:36 - utils.logger - INFO - 已经创建Emotional Engagement and Trading Performance_9cb84803文件
2025-04-07 20:03:36 - utils.logger - INFO - 已将Emotional Engagement and Trading Performance的information保存为json文件
2025-04-07 20:03:42 - utils.logger - INFO - 已将Emotional Engagement and Trading Performance的图片保存
2025-04-07 20:03:42 - utils.logger - INFO - Emotional Engagement and Trading Performance处理完毕！
2025-04-07 20:03:44 - utils.logger - INFO - start to open chrome https://pubsonline.informs.org/doi/abs/10.1287/mnsc.2023.4841(2/38)
2025-04-07 20:04:12 - utils.logger - INFO - https://pubsonline.informs.org/doi/abs/10.1287/mnsc.2023.4841 加载完成!
2025-04-07 20:04:21 - utils.logger - INFO - 已经创建A Direct Utility Model for Access Costs and Economies of Scope_c89e0f2e文件
2025-04-07 20:04:21 - utils.logger - INFO - 已将A Direct Utility Model for Access Costs and Economies of Scope的information保存为json文件
2025-04-07 20:04:28 - utils.logger - INFO - 已将A Direct Utility Model for Access Costs and Economies of Scope的图片保存
2025-04-07 20:04:28 - utils.logger - INFO - A Direct Utility Model for Access Costs and Economies of Scope处理完毕！
2025-04-07 20:04:30 - utils.logger - INFO - start to open chrome https://pubsonline.informs.org/doi/abs/10.1287/mnsc.2023.4865(3/38)
