2025-04-14 12:36:31 - utils.logger - INFO - Attempting to open https://pubsonline.informs.org/toc/mnsc/70/2 (Attempt 1/10)...
2025-04-14 12:36:31 - utils.logger - INFO - start to open chrome
2025-04-14 12:36:39 - utils.logger - INFO - https://pubsonline.informs.org/toc/mnsc/70/2 loaded successfully.
2025-04-14 12:36:41 - utils.logger - INFO - Scrape Volume 70, Issue 2
2025-04-14 12:36:41 - utils.logger - INFO - 开始第 1 次处理，共 31 篇文章
2025-04-14 12:36:41 - utils.logger - INFO - start to open chrome https://pubsonline.informs.org/doi/abs/10.1287/mnsc.2023.4727(1/31)
2025-04-14 12:37:05 - utils.logger - INFO - https://pubsonline.informs.org/doi/abs/10.1287/mnsc.2023.4727 加载完成!
2025-04-14 12:37:36 - utils.logger - INFO - 已经创建Learning from Their Daughters Family Exposure to Gender Disparity and Female Representation in Male-Led Ventures文件
2025-04-14 12:37:36 - utils.logger - INFO - 已将Learning from Their Daughters: Family Exposure to Gender Disparity and Female Representation in Male-Led Ventures的information保存为json文件
2025-04-14 12:42:58 - utils.logger - INFO - Attempting to open https://pubsonline.informs.org/toc/mnsc/70/2 (Attempt 1/10)...
2025-04-14 12:42:58 - utils.logger - INFO - start to open chrome
2025-04-14 12:43:05 - utils.logger - INFO - https://pubsonline.informs.org/toc/mnsc/70/2 loaded successfully.
2025-04-14 12:43:06 - utils.logger - INFO - Scrape Volume 70, Issue 2
2025-04-14 12:43:06 - utils.logger - INFO - 开始第 1 次处理，共 31 篇文章
2025-04-14 12:43:06 - utils.logger - INFO - start to open chrome https://pubsonline.informs.org/doi/abs/10.1287/mnsc.2023.4727(1/31)
2025-04-14 12:43:34 - utils.logger - INFO - https://pubsonline.informs.org/doi/abs/10.1287/mnsc.2023.4727 加载完成!
2025-04-14 12:43:35 - utils.logger - INFO - 已经创建Learning from Their Daughters Family Exposure to Gender Disparity and Female Representation in Male-Led Ventures文件
2025-04-14 12:43:35 - utils.logger - INFO - 已将Learning from Their Daughters: Family Exposure to Gender Disparity and Female Representation in Male-Led Ventures的information保存为json文件
2025-04-14 12:45:17 - utils.logger - INFO - 已将Learning from Their Daughters: Family Exposure to Gender Disparity and Female Representation in Male-Led Ventures的图片保存
2025-04-14 12:45:17 - utils.logger - INFO - Learning from Their Daughters: Family Exposure to Gender Disparity and Female Representation in Male-Led Ventures处理完毕！
2025-04-14 12:45:19 - utils.logger - INFO - start to open chrome https://pubsonline.informs.org/doi/abs/10.1287/mnsc.2023.4693(2/31)
2025-04-14 12:45:45 - utils.logger - INFO - https://pubsonline.informs.org/doi/abs/10.1287/mnsc.2023.4693 加载完成!
2025-04-14 12:45:49 - utils.logger - INFO - 已经创建Cashflow Timing vs文件
2025-04-14 12:45:49 - utils.logger - INFO - 已将Cashflow Timing vs. Discount-Rate Timing: An Examination of Mutual Fund Market-Timing Skills的information保存为json文件
2025-04-14 12:46:38 - utils.logger - INFO - 已将Cashflow Timing vs. Discount-Rate Timing: An Examination of Mutual Fund Market-Timing Skills的图片保存
2025-04-14 12:46:38 - utils.logger - INFO - Cashflow Timing vs. Discount-Rate Timing: An Examination of Mutual Fund Market-Timing Skills处理完毕！
2025-04-14 12:46:40 - utils.logger - INFO - start to open chrome https://pubsonline.informs.org/doi/abs/10.1287/mnsc.2023.4695(3/31)
2025-04-14 12:47:09 - utils.logger - INFO - https://pubsonline.informs.org/doi/abs/10.1287/mnsc.2023.4695 加载完成!
2025-04-14 12:47:20 - utils.logger - INFO - 已经创建Deep Learning in Asset Pricing文件
2025-04-14 12:47:20 - utils.logger - INFO - 已将Deep Learning in Asset Pricing的information保存为json文件
2025-04-14 12:48:12 - utils.logger - INFO - Attempting to open https://pubsonline.informs.org/toc/mnsc/71/3 (Attempt 1/10)...
2025-04-14 12:48:12 - utils.logger - INFO - start to open chrome
2025-04-14 12:48:21 - utils.logger - INFO - https://pubsonline.informs.org/toc/mnsc/71/3 loaded successfully.
2025-04-14 12:48:22 - utils.logger - INFO - Scrape Volume 71, Issue 3
2025-04-14 12:48:22 - utils.logger - INFO - 开始第 1 次处理，共 39 篇文章
2025-04-14 12:48:22 - utils.logger - INFO - start to open chrome https://pubsonline.informs.org/doi/abs/10.1287/mnsc.2022.01238(1/39)
2025-04-14 12:48:49 - utils.logger - INFO - https://pubsonline.informs.org/doi/abs/10.1287/mnsc.2022.01238 加载完成!
2025-04-14 12:48:50 - utils.logger - INFO - 已经创建Does Mining Fuel Bubbles An Experimental Study on Cryptocurrency Markets文件
2025-04-14 12:48:50 - utils.logger - INFO - 已将Does Mining Fuel Bubbles? An Experimental Study on Cryptocurrency Markets的information保存为json文件
2025-04-14 12:49:44 - utils.logger - INFO - 已将Does Mining Fuel Bubbles? An Experimental Study on Cryptocurrency Markets的图片保存
2025-04-14 12:49:44 - utils.logger - INFO - Does Mining Fuel Bubbles? An Experimental Study on Cryptocurrency Markets处理完毕！
2025-04-14 12:49:46 - utils.logger - INFO - start to open chrome https://pubsonline.informs.org/doi/abs/10.1287/mnsc.2023.02184(2/39)
2025-04-14 12:50:20 - utils.logger - INFO - https://pubsonline.informs.org/doi/abs/10.1287/mnsc.2023.02184 加载完成!
2025-04-14 12:50:27 - utils.logger - INFO - 已经创建Pigeonhole Design Balancing Sequential Experiments from an Online Matching Perspective文件
2025-04-14 12:50:27 - utils.logger - INFO - 已将Pigeonhole Design: Balancing Sequential Experiments from an Online Matching Perspective的information保存为json文件
2025-04-14 12:51:16 - utils.logger - INFO - 已将Pigeonhole Design: Balancing Sequential Experiments from an Online Matching Perspective的图片保存
2025-04-14 12:51:16 - utils.logger - INFO - Pigeonhole Design: Balancing Sequential Experiments from an Online Matching Perspective处理完毕！
2025-04-14 12:51:18 - utils.logger - INFO - start to open chrome https://pubsonline.informs.org/doi/abs/10.1287/mnsc.2023.02078(3/39)
2025-04-14 12:51:44 - utils.logger - INFO - https://pubsonline.informs.org/doi/abs/10.1287/mnsc.2023.02078 加载完成!
2025-04-14 12:51:47 - utils.logger - INFO - 已经创建Time Pressure Preferences文件
2025-04-14 12:51:47 - utils.logger - INFO - 已将Time Pressure Preferences的information保存为json文件
2025-04-14 12:52:26 - utils.logger - INFO - 已将Time Pressure Preferences的图片保存
2025-04-14 12:52:26 - utils.logger - INFO - Time Pressure Preferences处理完毕！
2025-04-14 12:52:28 - utils.logger - INFO - start to open chrome https://pubsonline.informs.org/doi/abs/10.1287/mnsc.2023.00978(4/39)
2025-04-14 12:52:58 - utils.logger - INFO - https://pubsonline.informs.org/doi/abs/10.1287/mnsc.2023.00978 加载完成!
2025-04-14 12:53:09 - utils.logger - INFO - 已经创建Predictive Three-Dimensional Printing of Spare Parts with Internet of Things文件
2025-04-14 12:53:09 - utils.logger - INFO - 已将Predictive Three-Dimensional Printing of Spare Parts with Internet of Things的information保存为json文件
2025-04-14 12:54:22 - utils.logger - INFO - 已将Predictive Three-Dimensional Printing of Spare Parts with Internet of Things的图片保存
2025-04-14 12:54:22 - utils.logger - INFO - Predictive Three-Dimensional Printing of Spare Parts with Internet of Things处理完毕！
2025-04-14 12:54:24 - utils.logger - INFO - start to open chrome https://pubsonline.informs.org/doi/abs/10.1287/mnsc.2022.00097(5/39)
2025-04-14 12:54:49 - utils.logger - INFO - https://pubsonline.informs.org/doi/abs/10.1287/mnsc.2022.00097 加载完成!
2025-04-14 12:54:52 - utils.logger - INFO - 已经创建A Benchmark for Collateralized Loan Obligations文件
2025-04-14 12:54:52 - utils.logger - INFO - 已将A Benchmark for Collateralized Loan Obligations的information保存为json文件
2025-04-14 12:56:03 - utils.logger - INFO - 已将A Benchmark for Collateralized Loan Obligations的图片保存
2025-04-14 12:56:03 - utils.logger - INFO - A Benchmark for Collateralized Loan Obligations处理完毕！
2025-04-14 12:56:05 - utils.logger - INFO - start to open chrome https://pubsonline.informs.org/doi/abs/10.1287/mnsc.2023.00194(6/39)
2025-04-14 12:56:34 - utils.logger - INFO - https://pubsonline.informs.org/doi/abs/10.1287/mnsc.2023.00194 加载完成!
2025-04-14 12:56:45 - utils.logger - INFO - 已经创建Credit Market Conditions and Mental Health文件
2025-04-14 12:56:45 - utils.logger - INFO - 已将Credit Market Conditions and Mental Health的information保存为json文件
2025-04-14 12:57:24 - utils.logger - INFO - 已将Credit Market Conditions and Mental Health的图片保存
2025-04-14 12:57:24 - utils.logger - INFO - Credit Market Conditions and Mental Health处理完毕！
2025-04-14 12:57:26 - utils.logger - INFO - start to open chrome https://pubsonline.informs.org/doi/abs/10.1287/mnsc.2020.01396(7/39)
2025-04-14 12:58:06 - utils.logger - INFO - https://pubsonline.informs.org/doi/abs/10.1287/mnsc.2020.01396 加载完成!
2025-04-14 12:58:13 - utils.logger - INFO - 已经创建Thompson Sampling with Information Relaxation Penalties文件
2025-04-14 12:58:13 - utils.logger - INFO - 已将Thompson Sampling with Information Relaxation Penalties的information保存为json文件
2025-04-14 12:59:31 - utils.logger - INFO - 已将Thompson Sampling with Information Relaxation Penalties的图片保存
2025-04-14 12:59:31 - utils.logger - INFO - Thompson Sampling with Information Relaxation Penalties处理完毕！
2025-04-14 12:59:33 - utils.logger - INFO - start to open chrome https://pubsonline.informs.org/doi/abs/10.1287/mnsc.2022.00670(8/39)
2025-04-14 13:00:08 - utils.logger - INFO - https://pubsonline.informs.org/doi/abs/10.1287/mnsc.2022.00670 加载完成!
2025-04-14 13:00:15 - utils.logger - INFO - 已经创建Accessing the Untapped Brand Leverage Potential A Strategic Framework from a Capital Market View文件
2025-04-14 13:00:15 - utils.logger - INFO - 已将Accessing the Untapped Brand Leverage Potential: A Strategic Framework from a Capital Market View的information保存为json文件
2025-04-14 13:00:36 - utils.logger - INFO - 已将Accessing the Untapped Brand Leverage Potential: A Strategic Framework from a Capital Market View的图片保存
2025-04-14 13:00:36 - utils.logger - INFO - Accessing the Untapped Brand Leverage Potential: A Strategic Framework from a Capital Market View处理完毕！
2025-04-14 13:00:38 - utils.logger - INFO - start to open chrome https://pubsonline.informs.org/doi/abs/10.1287/mnsc.2022.00387(9/39)
2025-04-14 13:01:08 - utils.logger - INFO - https://pubsonline.informs.org/doi/abs/10.1287/mnsc.2022.00387 加载完成!
2025-04-14 13:01:14 - utils.logger - INFO - 已经创建Digital vs文件
2025-04-14 13:01:14 - utils.logger - INFO - 已将Digital vs. Traditional Advertising and the Recognition of Brand Intangible Assets的information保存为json文件
2025-04-14 13:02:29 - utils.logger - INFO - 已将Digital vs. Traditional Advertising and the Recognition of Brand Intangible Assets的图片保存
2025-04-14 13:02:29 - utils.logger - INFO - Digital vs. Traditional Advertising and the Recognition of Brand Intangible Assets处理完毕！
2025-04-14 13:02:31 - utils.logger - INFO - start to open chrome https://pubsonline.informs.org/doi/abs/10.1287/mnsc.2022.01373(10/39)
2025-04-14 13:02:57 - utils.logger - INFO - https://pubsonline.informs.org/doi/abs/10.1287/mnsc.2022.01373 加载完成!
2025-04-14 13:03:03 - utils.logger - INFO - 已经创建Like Stars How Firms Learn at Scientific Conferences文件
2025-04-14 13:03:03 - utils.logger - INFO - 已将Like Stars: How Firms Learn at Scientific Conferences的information保存为json文件
2025-04-14 13:03:36 - utils.logger - INFO - 已将Like Stars: How Firms Learn at Scientific Conferences的图片保存
2025-04-14 13:03:36 - utils.logger - INFO - Like Stars: How Firms Learn at Scientific Conferences处理完毕！
2025-04-14 13:03:38 - utils.logger - INFO - start to open chrome https://pubsonline.informs.org/doi/abs/10.1287/mnsc.2021.02781(11/39)
2025-04-14 13:04:20 - utils.logger - INFO - https://pubsonline.informs.org/doi/abs/10.1287/mnsc.2021.02781 加载完成!
2025-04-14 13:04:42 - utils.logger - INFO - 已经创建Prediction-Driven Surge Planning with Application to Emergency Department Nurse Staffing文件
2025-04-14 13:04:42 - utils.logger - INFO - 已将Prediction-Driven Surge Planning with Application to Emergency Department Nurse Staffing的information保存为json文件
2025-04-14 13:05:52 - utils.logger - INFO - 已将Prediction-Driven Surge Planning with Application to Emergency Department Nurse Staffing的图片保存
2025-04-14 13:05:52 - utils.logger - INFO - Prediction-Driven Surge Planning with Application to Emergency Department Nurse Staffing处理完毕！
2025-04-14 13:05:55 - utils.logger - INFO - start to open chrome https://pubsonline.informs.org/doi/abs/10.1287/mnsc.2023.00715(12/39)
2025-04-14 13:06:22 - utils.logger - INFO - https://pubsonline.informs.org/doi/abs/10.1287/mnsc.2023.00715 加载完成!
2025-04-14 13:06:25 - utils.logger - INFO - 已经创建Gender Promotion Gaps and Career Aspirations文件
2025-04-14 13:06:25 - utils.logger - INFO - 已将Gender Promotion Gaps and Career Aspirations的information保存为json文件
2025-04-14 13:07:26 - utils.logger - INFO - 已将Gender Promotion Gaps and Career Aspirations的图片保存
2025-04-14 13:07:26 - utils.logger - INFO - Gender Promotion Gaps and Career Aspirations处理完毕！
2025-04-14 13:07:28 - utils.logger - INFO - start to open chrome https://pubsonline.informs.org/doi/abs/10.1287/mnsc.2021.01914(13/39)
2025-04-14 13:07:55 - utils.logger - INFO - https://pubsonline.informs.org/doi/abs/10.1287/mnsc.2021.01914 加载完成!
2025-04-14 13:07:58 - utils.logger - INFO - 已经创建Investor-Paid Credit Ratings and Managerial Information Disclosure文件
2025-04-14 13:07:58 - utils.logger - INFO - 已将Investor-Paid Credit Ratings and Managerial Information Disclosure的information保存为json文件
2025-04-14 13:08:28 - utils.logger - INFO - 已将Investor-Paid Credit Ratings and Managerial Information Disclosure的图片保存
2025-04-14 13:08:28 - utils.logger - INFO - Investor-Paid Credit Ratings and Managerial Information Disclosure处理完毕！
2025-04-14 13:08:30 - utils.logger - INFO - start to open chrome https://pubsonline.informs.org/doi/abs/10.1287/mnsc.2021.01969(14/39)
2025-04-14 13:08:56 - utils.logger - INFO - https://pubsonline.informs.org/doi/abs/10.1287/mnsc.2021.01969 加载完成!
2025-04-14 13:08:59 - utils.logger - INFO - 已经创建Stars in Their Constellations Great Person or Great Team文件
2025-04-14 13:08:59 - utils.logger - INFO - 已将Stars in Their Constellations: Great Person or Great Team?的information保存为json文件
2025-04-14 13:09:53 - utils.logger - INFO - 已将Stars in Their Constellations: Great Person or Great Team?的图片保存
2025-04-14 13:09:53 - utils.logger - INFO - Stars in Their Constellations: Great Person or Great Team?处理完毕！
2025-04-14 13:09:55 - utils.logger - INFO - start to open chrome https://pubsonline.informs.org/doi/abs/10.1287/mnsc.2021.03955(15/39)
2025-04-14 13:10:20 - utils.logger - INFO - https://pubsonline.informs.org/doi/abs/10.1287/mnsc.2021.03955 加载完成!
2025-04-14 13:10:39 - utils.logger - INFO - 已经创建Technological Changes and Countries’ Tax Policy Design Evidence from Anti–Tax Avoidance Rules文件
2025-04-14 13:10:39 - utils.logger - INFO - 已将Technological Changes and Countries’ Tax Policy Design: Evidence from Anti–Tax Avoidance Rules的information保存为json文件
2025-04-14 13:11:25 - utils.logger - INFO - 已将Technological Changes and Countries’ Tax Policy Design: Evidence from Anti–Tax Avoidance Rules的图片保存
2025-04-14 13:11:25 - utils.logger - INFO - Technological Changes and Countries’ Tax Policy Design: Evidence from Anti–Tax Avoidance Rules处理完毕！
2025-04-14 13:11:27 - utils.logger - INFO - start to open chrome https://pubsonline.informs.org/doi/abs/10.1287/mnsc.2022.01398(16/39)
2025-04-14 13:11:52 - utils.logger - INFO - https://pubsonline.informs.org/doi/abs/10.1287/mnsc.2022.01398 加载完成!
2025-04-14 13:12:00 - utils.logger - INFO - 已经创建The International Commonality of Idiosyncratic Variances文件
2025-04-14 13:12:00 - utils.logger - INFO - 已将The International Commonality of Idiosyncratic Variances的information保存为json文件
2025-04-14 13:12:23 - utils.logger - INFO - 已将The International Commonality of Idiosyncratic Variances的图片保存
2025-04-14 13:12:23 - utils.logger - INFO - The International Commonality of Idiosyncratic Variances处理完毕！
2025-04-14 13:12:25 - utils.logger - INFO - start to open chrome https://pubsonline.informs.org/doi/abs/10.1287/mnsc.2023.01022(17/39)
2025-04-14 13:12:50 - utils.logger - INFO - https://pubsonline.informs.org/doi/abs/10.1287/mnsc.2023.01022 加载完成!
2025-04-14 13:12:52 - utils.logger - INFO - 已经创建Strategic Behavior with Tight, Loose, and Polarized Norms文件
2025-04-14 13:12:52 - utils.logger - INFO - 已将Strategic Behavior with Tight, Loose, and Polarized Norms的information保存为json文件
2025-04-14 13:13:39 - utils.logger - INFO - 已将Strategic Behavior with Tight, Loose, and Polarized Norms的图片保存
2025-04-14 13:13:39 - utils.logger - INFO - Strategic Behavior with Tight, Loose, and Polarized Norms处理完毕！
2025-04-14 13:13:42 - utils.logger - INFO - start to open chrome https://pubsonline.informs.org/doi/abs/10.1287/mnsc.2021.03549(18/39)
2025-04-14 13:14:08 - utils.logger - INFO - https://pubsonline.informs.org/doi/abs/10.1287/mnsc.2021.03549 加载完成!
2025-04-14 13:14:19 - utils.logger - INFO - 已经创建The Effect of Dispersion on the Informativeness of Consensus Analyst Target Prices文件
2025-04-14 13:14:19 - utils.logger - INFO - 已将The Effect of Dispersion on the Informativeness of Consensus Analyst Target Prices的information保存为json文件
2025-04-14 13:14:31 - utils.logger - INFO - 已将The Effect of Dispersion on the Informativeness of Consensus Analyst Target Prices的图片保存
2025-04-14 13:14:31 - utils.logger - INFO - The Effect of Dispersion on the Informativeness of Consensus Analyst Target Prices处理完毕！
2025-04-14 13:14:34 - utils.logger - INFO - start to open chrome https://pubsonline.informs.org/doi/abs/10.1287/mnsc.2022.03505(19/39)
2025-04-14 13:14:58 - utils.logger - INFO - https://pubsonline.informs.org/doi/abs/10.1287/mnsc.2022.03505 加载完成!
2025-04-14 13:15:01 - utils.logger - INFO - 已经创建Who Lends Before Banking Crises Evidence from the International Syndicated Loan Market文件
2025-04-14 13:15:01 - utils.logger - INFO - 已将Who Lends Before Banking Crises? Evidence from the International Syndicated Loan Market的information保存为json文件
2025-04-14 13:15:48 - utils.logger - INFO - 已将Who Lends Before Banking Crises? Evidence from the International Syndicated Loan Market的图片保存
2025-04-14 13:15:48 - utils.logger - INFO - Who Lends Before Banking Crises? Evidence from the International Syndicated Loan Market处理完毕！
2025-04-14 13:15:50 - utils.logger - INFO - start to open chrome https://pubsonline.informs.org/doi/abs/10.1287/mnsc.2023.00522(20/39)
2025-04-14 13:16:16 - utils.logger - INFO - https://pubsonline.informs.org/doi/abs/10.1287/mnsc.2023.00522 加载完成!
2025-04-14 13:16:29 - utils.logger - INFO - 已经创建Forgetful Consumers and Consumption Tracking文件
2025-04-14 13:16:29 - utils.logger - INFO - 已将Forgetful Consumers and Consumption Tracking的information保存为json文件
2025-04-14 13:17:00 - utils.logger - INFO - 已将Forgetful Consumers and Consumption Tracking的图片保存
2025-04-14 13:17:00 - utils.logger - INFO - Forgetful Consumers and Consumption Tracking处理完毕！
2025-04-14 13:17:02 - utils.logger - INFO - start to open chrome https://pubsonline.informs.org/doi/abs/10.1287/mnsc.2022.02983(21/39)
2025-04-14 13:17:27 - utils.logger - INFO - https://pubsonline.informs.org/doi/abs/10.1287/mnsc.2022.02983 加载完成!
2025-04-14 13:17:34 - utils.logger - INFO - 已经创建Information Search Within a Web Page Modeling the Full Sequence of Eye Movement Decisions, Subjective Value Updating, and First Cl_5e086417文件
2025-04-14 13:17:34 - utils.logger - INFO - 已将Information Search Within a Web Page: Modeling the Full Sequence of Eye Movement Decisions, Subjective Value Updating, and First Clicks的information保存为json文件
2025-04-14 13:19:09 - utils.logger - INFO - 已将Information Search Within a Web Page: Modeling the Full Sequence of Eye Movement Decisions, Subjective Value Updating, and First Clicks的图片保存
2025-04-14 13:19:09 - utils.logger - INFO - Information Search Within a Web Page: Modeling the Full Sequence of Eye Movement Decisions, Subjective Value Updating, and First Clicks处理完毕！
2025-04-14 13:19:11 - utils.logger - INFO - start to open chrome https://pubsonline.informs.org/doi/abs/10.1287/mnsc.2022.01559(22/39)
2025-04-14 13:19:43 - utils.logger - INFO - https://pubsonline.informs.org/doi/abs/10.1287/mnsc.2022.01559 加载完成!
2025-04-14 13:19:50 - utils.logger - INFO - 已经创建Innovation Strategy After IPO How AI Analytics Spurs Innovation After IPO文件
2025-04-14 13:19:50 - utils.logger - INFO - 已将Innovation Strategy After IPO: How AI Analytics Spurs Innovation After IPO的information保存为json文件
2025-04-14 13:20:21 - utils.logger - INFO - 已将Innovation Strategy After IPO: How AI Analytics Spurs Innovation After IPO的图片保存
2025-04-14 13:20:21 - utils.logger - INFO - Innovation Strategy After IPO: How AI Analytics Spurs Innovation After IPO处理完毕！
2025-04-14 13:20:23 - utils.logger - INFO - start to open chrome https://pubsonline.informs.org/doi/abs/10.1287/mnsc.2022.02907(23/39)
2025-04-14 13:20:48 - utils.logger - INFO - https://pubsonline.informs.org/doi/abs/10.1287/mnsc.2022.02907 加载完成!
2025-04-14 13:20:54 - utils.logger - INFO - 已经创建Insider Trading Restrictions and Informed Trading in Peer Stocks文件
2025-04-14 13:20:54 - utils.logger - INFO - 已将Insider Trading Restrictions and Informed Trading in Peer Stocks的information保存为json文件
2025-04-14 13:21:52 - utils.logger - INFO - 已将Insider Trading Restrictions and Informed Trading in Peer Stocks的图片保存
2025-04-14 13:21:52 - utils.logger - INFO - Insider Trading Restrictions and Informed Trading in Peer Stocks处理完毕！
2025-04-14 13:21:54 - utils.logger - INFO - start to open chrome https://pubsonline.informs.org/doi/abs/10.1287/mnsc.2023.01722(24/39)
2025-04-14 13:22:20 - utils.logger - INFO - https://pubsonline.informs.org/doi/abs/10.1287/mnsc.2023.01722 加载完成!
2025-04-14 13:22:28 - utils.logger - INFO - 已经创建Number Processing Constraints and Earnings News文件
2025-04-14 13:22:28 - utils.logger - INFO - 已将Number Processing Constraints and Earnings News的information保存为json文件
2025-04-14 13:22:58 - utils.logger - INFO - 已将Number Processing Constraints and Earnings News的图片保存
2025-04-14 13:22:58 - utils.logger - INFO - Number Processing Constraints and Earnings News处理完毕！
2025-04-14 13:23:00 - utils.logger - INFO - start to open chrome https://pubsonline.informs.org/doi/abs/10.1287/mnsc.2019.03252(25/39)
2025-04-14 13:23:27 - utils.logger - INFO - https://pubsonline.informs.org/doi/abs/10.1287/mnsc.2019.03252 加载完成!
2025-04-14 13:23:29 - utils.logger - INFO - 已经创建Estimating Career Benefits from Online Community Leadership Evidence from Stack Exchange Moderators文件
2025-04-14 13:23:29 - utils.logger - INFO - 已将Estimating Career Benefits from Online Community Leadership: Evidence from Stack Exchange Moderators的information保存为json文件
2025-04-14 13:24:35 - utils.logger - INFO - 已将Estimating Career Benefits from Online Community Leadership: Evidence from Stack Exchange Moderators的图片保存
2025-04-14 13:24:35 - utils.logger - INFO - Estimating Career Benefits from Online Community Leadership: Evidence from Stack Exchange Moderators处理完毕！
2025-04-14 13:24:38 - utils.logger - INFO - start to open chrome https://pubsonline.informs.org/doi/abs/10.1287/mnsc.2023.00655(26/39)
2025-04-14 13:25:29 - utils.logger - INFO - https://pubsonline.informs.org/doi/abs/10.1287/mnsc.2023.00655 加载完成!
2025-04-14 13:25:40 - utils.logger - INFO - 已经创建The Operational Data Analytics (ODA) for Service Speed Design文件
2025-04-14 13:25:40 - utils.logger - INFO - 已将The Operational Data Analytics (ODA) for Service Speed Design的information保存为json文件
2025-04-14 13:25:57 - utils.logger - INFO - 已将The Operational Data Analytics (ODA) for Service Speed Design的图片保存
2025-04-14 13:25:57 - utils.logger - INFO - The Operational Data Analytics (ODA) for Service Speed Design处理完毕！
2025-04-14 13:25:59 - utils.logger - INFO - start to open chrome https://pubsonline.informs.org/doi/abs/10.1287/mnsc.2021.02396(27/39)
2025-04-14 13:26:25 - utils.logger - INFO - https://pubsonline.informs.org/doi/abs/10.1287/mnsc.2021.02396 加载完成!
2025-04-14 13:26:32 - utils.logger - INFO - 已经创建Do Firms Proactively Build Internal Markets for Redeployment Evidence from a Natural Experiment文件
2025-04-14 13:26:32 - utils.logger - INFO - 已将Do Firms Proactively Build Internal Markets for Redeployment? Evidence from a Natural Experiment的information保存为json文件
2025-04-14 13:27:21 - utils.logger - INFO - 已将Do Firms Proactively Build Internal Markets for Redeployment? Evidence from a Natural Experiment的图片保存
2025-04-14 13:27:21 - utils.logger - INFO - Do Firms Proactively Build Internal Markets for Redeployment? Evidence from a Natural Experiment处理完毕！
2025-04-14 13:27:23 - utils.logger - INFO - start to open chrome https://pubsonline.informs.org/doi/abs/10.1287/mnsc.2023.01373(28/39)
2025-04-14 13:27:57 - utils.logger - INFO - https://pubsonline.informs.org/doi/abs/10.1287/mnsc.2023.01373 加载完成!
2025-04-14 13:27:59 - utils.logger - INFO - 已经创建Stable Matching on the Job Theory and Evidence on Internal Talent Markets文件
2025-04-14 13:27:59 - utils.logger - INFO - 已将Stable Matching on the Job? Theory and Evidence on Internal Talent Markets的information保存为json文件
2025-04-14 13:28:28 - utils.logger - INFO - 已将Stable Matching on the Job? Theory and Evidence on Internal Talent Markets的图片保存
2025-04-14 13:28:28 - utils.logger - INFO - Stable Matching on the Job? Theory and Evidence on Internal Talent Markets处理完毕！
2025-04-14 13:28:30 - utils.logger - INFO - start to open chrome https://pubsonline.informs.org/doi/abs/10.1287/mnsc.2022.01687(29/39)
2025-04-14 13:28:55 - utils.logger - INFO - https://pubsonline.informs.org/doi/abs/10.1287/mnsc.2022.01687 加载完成!
2025-04-14 13:29:06 - utils.logger - INFO - 已经创建Human in the Loop Automation Ride-Hailing with Remote (Tele-)Drivers文件
2025-04-14 13:29:06 - utils.logger - INFO - 已将Human in the Loop Automation: Ride-Hailing with Remote (Tele-)Drivers的information保存为json文件
2025-04-14 13:30:23 - utils.logger - INFO - 已将Human in the Loop Automation: Ride-Hailing with Remote (Tele-)Drivers的图片保存
2025-04-14 13:30:23 - utils.logger - INFO - Human in the Loop Automation: Ride-Hailing with Remote (Tele-)Drivers处理完毕！
2025-04-14 13:30:25 - utils.logger - INFO - start to open chrome https://pubsonline.informs.org/doi/abs/10.1287/mnsc.2022.02348(30/39)
2025-04-14 13:30:52 - utils.logger - INFO - https://pubsonline.informs.org/doi/abs/10.1287/mnsc.2022.02348 加载完成!
2025-04-14 13:30:59 - utils.logger - INFO - 已经创建Selling Bonus Actions in Video Games文件
2025-04-14 13:30:59 - utils.logger - INFO - 已将Selling Bonus Actions in Video Games的information保存为json文件
2025-04-14 13:31:30 - utils.logger - INFO - 已将Selling Bonus Actions in Video Games的图片保存
2025-04-14 13:31:30 - utils.logger - INFO - Selling Bonus Actions in Video Games处理完毕！
2025-04-14 13:31:32 - utils.logger - INFO - start to open chrome https://pubsonline.informs.org/doi/abs/10.1287/mnsc.2022.04140(31/39)
2025-04-14 13:31:57 - utils.logger - INFO - https://pubsonline.informs.org/doi/abs/10.1287/mnsc.2022.04140 加载完成!
2025-04-14 13:32:04 - utils.logger - INFO - 已经创建On the Robustness of Idiosyncratic Volatility Effect文件
2025-04-14 13:32:04 - utils.logger - INFO - 已将On the Robustness of Idiosyncratic Volatility Effect的information保存为json文件
2025-04-14 13:32:28 - utils.logger - INFO - 已将On the Robustness of Idiosyncratic Volatility Effect的图片保存
2025-04-14 13:32:28 - utils.logger - INFO - On the Robustness of Idiosyncratic Volatility Effect处理完毕！
2025-04-14 13:32:30 - utils.logger - INFO - start to open chrome https://pubsonline.informs.org/doi/abs/10.1287/mnsc.2022.03068(32/39)
2025-04-14 13:32:58 - utils.logger - INFO - https://pubsonline.informs.org/doi/abs/10.1287/mnsc.2022.03068 加载完成!
2025-04-14 13:33:06 - utils.logger - INFO - 已经创建Risks to Human Capital文件
2025-04-14 13:33:06 - utils.logger - INFO - 已将Risks to Human Capital的information保存为json文件
2025-04-14 13:34:28 - utils.logger - INFO - 已将Risks to Human Capital的图片保存
2025-04-14 13:34:28 - utils.logger - INFO - Risks to Human Capital处理完毕！
2025-04-14 13:34:30 - utils.logger - INFO - start to open chrome https://pubsonline.informs.org/doi/abs/10.1287/mnsc.2023.01632(33/39)
2025-04-14 13:36:31 - utils.logger - ERROR - 加载页面失败: HTTPConnectionPool(host='localhost', port=60932): Read timed out. (read timeout=120)
2025-04-14 13:39:33 - utils.logger - INFO - start to open chrome https://pubsonline.informs.org/doi/abs/10.1287/mnsc.2021.04060(34/39)
2025-04-14 13:39:59 - utils.logger - INFO - https://pubsonline.informs.org/doi/abs/10.1287/mnsc.2021.04060 加载完成!
2025-04-14 13:40:10 - utils.logger - INFO - 已经创建The Co-Production of Service Modeling Services in Contact Centers Using Hawkes Processes文件
2025-04-14 13:40:10 - utils.logger - INFO - 已将The Co-Production of Service: Modeling Services in Contact Centers Using Hawkes Processes的information保存为json文件
2025-04-14 13:40:40 - utils.logger - INFO - 已将The Co-Production of Service: Modeling Services in Contact Centers Using Hawkes Processes的图片保存
2025-04-14 13:40:40 - utils.logger - INFO - The Co-Production of Service: Modeling Services in Contact Centers Using Hawkes Processes处理完毕！
2025-04-14 13:40:42 - utils.logger - INFO - start to open chrome https://pubsonline.informs.org/doi/abs/10.1287/mnsc.2022.00807(35/39)
2025-04-14 13:41:12 - utils.logger - INFO - https://pubsonline.informs.org/doi/abs/10.1287/mnsc.2022.00807 加载完成!
2025-04-14 13:41:14 - utils.logger - INFO - 已经创建Revealed Privacy Preferences Are Privacy Choices Rational文件
2025-04-14 13:41:14 - utils.logger - INFO - 已将Revealed Privacy Preferences: Are Privacy Choices Rational?的information保存为json文件
2025-04-14 13:41:46 - utils.logger - INFO - 已将Revealed Privacy Preferences: Are Privacy Choices Rational?的图片保存
2025-04-14 13:41:46 - utils.logger - INFO - Revealed Privacy Preferences: Are Privacy Choices Rational?处理完毕！
2025-04-14 13:41:48 - utils.logger - INFO - start to open chrome https://pubsonline.informs.org/doi/abs/10.1287/mnsc.2022.01724(36/39)
2025-04-14 13:42:59 - utils.logger - INFO - https://pubsonline.informs.org/doi/abs/10.1287/mnsc.2022.01724 加载完成!
2025-04-14 13:43:10 - utils.logger - INFO - 已经创建Resolving Tensions Between Heterogeneous Investors in a Startup文件
2025-04-14 13:43:10 - utils.logger - INFO - 已将Resolving Tensions Between Heterogeneous Investors in a Startup的information保存为json文件
2025-04-14 13:43:55 - utils.logger - INFO - 已将Resolving Tensions Between Heterogeneous Investors in a Startup的图片保存
2025-04-14 13:43:55 - utils.logger - INFO - Resolving Tensions Between Heterogeneous Investors in a Startup处理完毕！
2025-04-14 13:43:57 - utils.logger - INFO - start to open chrome https://pubsonline.informs.org/doi/abs/10.1287/mnsc.2021.03445(37/39)
2025-04-14 13:44:26 - utils.logger - INFO - https://pubsonline.informs.org/doi/abs/10.1287/mnsc.2021.03445 加载完成!
2025-04-14 13:44:33 - utils.logger - INFO - 已经创建Robustness to Dependency in Influence Maximization文件
2025-04-14 13:44:33 - utils.logger - INFO - 已将Robustness to Dependency in Influence Maximization的information保存为json文件
2025-04-14 13:46:06 - utils.logger - INFO - 已将Robustness to Dependency in Influence Maximization的图片保存
2025-04-14 13:46:06 - utils.logger - INFO - Robustness to Dependency in Influence Maximization处理完毕！
2025-04-14 13:46:09 - utils.logger - INFO - start to open chrome https://pubsonline.informs.org/doi/abs/10.1287/mnsc.2023.00863(38/39)
2025-04-14 13:46:41 - utils.logger - INFO - https://pubsonline.informs.org/doi/abs/10.1287/mnsc.2023.00863 加载完成!
2025-04-14 13:46:43 - utils.logger - INFO - 已经创建Vaccine Progress, Stock Prices, and the Value of Ending the Pandemic文件
2025-04-14 13:46:43 - utils.logger - INFO - 已将Vaccine Progress, Stock Prices, and the Value of Ending the Pandemic的information保存为json文件
2025-04-14 13:47:47 - utils.logger - INFO - 已将Vaccine Progress, Stock Prices, and the Value of Ending the Pandemic的图片保存
2025-04-14 13:47:47 - utils.logger - INFO - Vaccine Progress, Stock Prices, and the Value of Ending the Pandemic处理完毕！
2025-04-14 13:47:49 - utils.logger - INFO - start to open chrome https://pubsonline.informs.org/doi/abs/10.1287/mnsc.2023.02031(39/39)
2025-04-14 13:48:14 - utils.logger - INFO - https://pubsonline.informs.org/doi/abs/10.1287/mnsc.2023.02031 加载完成!
2025-04-14 13:48:26 - utils.logger - INFO - 已经创建Signaling Targeting Cost Through List Price文件
2025-04-14 13:48:26 - utils.logger - INFO - 已将Signaling Targeting Cost Through List Price的information保存为json文件
2025-04-14 13:48:38 - utils.logger - INFO - 已将Signaling Targeting Cost Through List Price的图片保存
2025-04-14 13:48:38 - utils.logger - INFO - Signaling Targeting Cost Through List Price处理完毕！
2025-04-14 13:48:40 - utils.logger - INFO - 开始第 2 次处理，共 1 篇文章
2025-04-14 13:48:40 - utils.logger - INFO - start to open chrome https://pubsonline.informs.org/doi/abs/10.1287/mnsc.2023.01632(1/1)
2025-04-14 13:49:05 - utils.logger - INFO - https://pubsonline.informs.org/doi/abs/10.1287/mnsc.2023.01632 加载完成!
2025-04-14 13:49:12 - utils.logger - INFO - 已经创建Consumption of Values文件
2025-04-14 13:49:12 - utils.logger - INFO - 已将Consumption of Values的information保存为json文件
2025-04-14 13:49:45 - utils.logger - INFO - 已将Consumption of Values的图片保存
2025-04-14 13:49:45 - utils.logger - INFO - Consumption of Values处理完毕！
2025-04-14 13:49:47 - utils.logger - INFO - 所有文章处理成功。
